#
# There is insufficient memory for the Java Runtime Environment to continue.
# Native memory allocation (malloc) failed to allocate 1075536 bytes. Error detail: Chunk::new
# Possible reasons:
#   The system is out of physical RAM or swap space
#   This process is running with CompressedOops enabled, and the Java Heap may be blocking the growth of the native heap
# Possible solutions:
#   Reduce memory load on the system
#   Increase physical memory or swap space
#   Check if swap backing store is full
#   Decrease Java heap size (-Xmx/-Xms)
#   Decrease number of Java threads
#   Decrease Java thread stack sizes (-Xss)
#   Set larger code cache with -XX:ReservedCodeCacheSize=
#   JVM is running with Unscaled Compressed Oops mode in which the Java heap is
#     placed in the first 4GB address space. The Java Heap base address is the
#     maximum limit for the native heap growth. Please use -XX:HeapBaseMinAddress
#     to set the Java Heap base and to place the Java Heap above 4GB virtual address.
# This output file may be truncated or incomplete.
#
#  Out of Memory Error (arena.cpp:168), pid=2700, tid=10212
#
# JRE version: OpenJDK Runtime Environment Temurin-21.0.7+6 (21.0.7+6) (build 21.0.7+6-LTS)
# Java VM: OpenJDK 64-Bit Server VM Temurin-21.0.7+6 (21.0.7+6-LTS, mixed mode, sharing, tiered, compressed oops, compressed class ptrs, g1 gc, windows-amd64)
# No core dump will be written. Minidumps are not enabled by default on client versions of Windows
#

---------------  S U M M A R Y ------------

Command Line: --enable-native-access=ALL-UNNAMED -Dclassworlds.conf=C:\Users\91750\.m2\wrapper\dists\apache-maven-3.9.10\a38810a491b03367137adfdfbe7d14c4\bin\m2.conf -Dmaven.home=C:\Users\91750\.m2\wrapper\dists\apache-maven-3.9.10\a38810a491b03367137adfdfbe7d14c4 -Dlibrary.jansi.path=C:\Users\91750\.m2\wrapper\dists\apache-maven-3.9.10\a38810a491b03367137adfdfbe7d14c4\lib\jansi-native -Dmaven.multiModuleProjectDirectory=D:\Projects\JobApp org.codehaus.plexus.classworlds.launcher.Launcher spring-boot:build-image -Dspring-boot.build-image.imageName=akshay2500/jobappimage

Host: AMD Ryzen 5 7530U with Radeon Graphics         , 12 cores, 7G,  Windows 11 , 64 bit Build 26100 (10.0.26100.4484)
Time: Wed Jul  2 00:26:12 2025 India Standard Time elapsed time: 3.955584 seconds (0d 0h 0m 3s)

---------------  T H R E A D  ---------------

Current thread (0x0000022d235ed920):  JavaThread "C2 CompilerThread0" daemon [_thread_in_native, id=10212, stack(0x000000ee09c00000,0x000000ee09d00000) (1024K)]


Current CompileTask:
C2:3956 2676   !   4       java.net.URL::<init> (543 bytes)

Stack: [0x000000ee09c00000,0x000000ee09d00000]
Native frames: (J=compiled Java code, j=interpreted, Vv=VM code, C=native code)
V  [jvm.dll+0x6ce119]
V  [jvm.dll+0x8a84a1]
V  [jvm.dll+0x8aa9ce]
V  [jvm.dll+0x8ab0b3]
V  [jvm.dll+0x27f8a6]
V  [jvm.dll+0xc507d]
V  [jvm.dll+0xc55b3]
V  [jvm.dll+0x3b68f2]
V  [jvm.dll+0x382aa5]
V  [jvm.dll+0x381f0a]
V  [jvm.dll+0x247af0]
V  [jvm.dll+0x2470cf]
V  [jvm.dll+0x1c760e]
V  [jvm.dll+0x25695a]
V  [jvm.dll+0x254efa]
V  [jvm.dll+0x3f03f6]
V  [jvm.dll+0x851f6b]
V  [jvm.dll+0x6cc7dd]
C  [ucrtbase.dll+0x37b0]
C  [KERNEL32.DLL+0x2e8d7]
C  [ntdll.dll+0x3c34c]


---------------  P R O C E S S  ---------------

Threads class SMR info:
_java_thread_list=0x0000022d69f99510, length=13, elements={
0x0000022d0b51ed10, 0x0000022d235a5800, 0x0000022d235a9270, 0x0000022d235adac0,
0x0000022d235ac710, 0x0000022d235acda0, 0x0000022d235ac080, 0x0000022d235ed920,
0x0000022d235f0070, 0x0000022d235aee70, 0x0000022d235ae150, 0x0000022d235ad430,
0x0000022d235f0e10
}

Java Threads: ( => current thread )
  0x0000022d0b51ed10 JavaThread "main"                              [_thread_in_vm, id=11284, stack(0x000000ee08e00000,0x000000ee08f00000) (1024K)]
  0x0000022d235a5800 JavaThread "Reference Handler"          daemon [_thread_blocked, id=3232, stack(0x000000ee09600000,0x000000ee09700000) (1024K)]
  0x0000022d235a9270 JavaThread "Finalizer"                  daemon [_thread_blocked, id=18364, stack(0x000000ee09700000,0x000000ee09800000) (1024K)]
  0x0000022d235adac0 JavaThread "Signal Dispatcher"          daemon [_thread_blocked, id=7436, stack(0x000000ee09800000,0x000000ee09900000) (1024K)]
  0x0000022d235ac710 JavaThread "Attach Listener"            daemon [_thread_blocked, id=16072, stack(0x000000ee09900000,0x000000ee09a00000) (1024K)]
  0x0000022d235acda0 JavaThread "Service Thread"             daemon [_thread_blocked, id=11444, stack(0x000000ee09a00000,0x000000ee09b00000) (1024K)]
  0x0000022d235ac080 JavaThread "Monitor Deflation Thread"   daemon [_thread_blocked, id=17820, stack(0x000000ee09b00000,0x000000ee09c00000) (1024K)]
=>0x0000022d235ed920 JavaThread "C2 CompilerThread0"         daemon [_thread_in_native, id=10212, stack(0x000000ee09c00000,0x000000ee09d00000) (1024K)]
  0x0000022d235f0070 JavaThread "C1 CompilerThread0"         daemon [_thread_blocked, id=14952, stack(0x000000ee09d00000,0x000000ee09e00000) (1024K)]
  0x0000022d235aee70 JavaThread "Notification Thread"        daemon [_thread_blocked, id=15816, stack(0x000000ee09e00000,0x000000ee09f00000) (1024K)]
  0x0000022d235ae150 JavaThread "Common-Cleaner"             daemon [_thread_blocked, id=12148, stack(0x000000ee09f00000,0x000000ee0a000000) (1024K)]
  0x0000022d235ad430 JavaThread "Thread-1"                   daemon [_thread_blocked, id=13376, stack(0x000000ee0a000000,0x000000ee0a100000) (1024K)]
  0x0000022d235f0e10 JavaThread "C2 CompilerThread1"         daemon [_thread_blocked, id=7392, stack(0x000000ee0aa00000,0x000000ee0ab00000) (1024K)]
Total: 13

Other Threads:
  0x0000022d23259cd0 VMThread "VM Thread"                           [id=2284, stack(0x000000ee09500000,0x000000ee09600000) (1024K)]
  0x0000022d23240760 WatcherThread "VM Periodic Task Thread"        [id=16728, stack(0x000000ee09400000,0x000000ee09500000) (1024K)]
  0x0000022d0b56f310 WorkerThread "GC Thread#0"                     [id=11708, stack(0x000000ee08f00000,0x000000ee09000000) (1024K)]
  0x0000022d69af7da0 WorkerThread "GC Thread#1"                     [id=10592, stack(0x000000ee0a100000,0x000000ee0a200000) (1024K)]
  0x0000022d69942970 WorkerThread "GC Thread#2"                     [id=3352, stack(0x000000ee0a200000,0x000000ee0a300000) (1024K)]
  0x0000022d69943120 WorkerThread "GC Thread#3"                     [id=8472, stack(0x000000ee0a300000,0x000000ee0a400000) (1024K)]
  0x0000022d699434c0 WorkerThread "GC Thread#4"                     [id=5872, stack(0x000000ee0a400000,0x000000ee0a500000) (1024K)]
  0x0000022d69bbd740 WorkerThread "GC Thread#5"                     [id=13552, stack(0x000000ee0a500000,0x000000ee0a600000) (1024K)]
  0x0000022d69bbdef0 WorkerThread "GC Thread#6"                     [id=9524, stack(0x000000ee0a600000,0x000000ee0a700000) (1024K)]
  0x0000022d69bbe290 WorkerThread "GC Thread#7"                     [id=11044, stack(0x000000ee0a700000,0x000000ee0a800000) (1024K)]
  0x0000022d698f8450 WorkerThread "GC Thread#8"                     [id=17092, stack(0x000000ee0a800000,0x000000ee0a900000) (1024K)]
  0x0000022d698f92d0 WorkerThread "GC Thread#9"                     [id=6008, stack(0x000000ee0a900000,0x000000ee0aa00000) (1024K)]
  0x0000022d0b57ee40 ConcurrentGCThread "G1 Main Marker"            [id=3332, stack(0x000000ee09000000,0x000000ee09100000) (1024K)]
  0x0000022d0b5806d0 WorkerThread "G1 Conc#0"                       [id=16348, stack(0x000000ee09100000,0x000000ee09200000) (1024K)]
  0x0000022d0b5ae5f0 ConcurrentGCThread "G1 Refine#0"               [id=11504, stack(0x000000ee09200000,0x000000ee09300000) (1024K)]
  0x0000022d2310d180 ConcurrentGCThread "G1 Service"                [id=15720, stack(0x000000ee09300000,0x000000ee09400000) (1024K)]
Total: 16

Threads with active compile tasks:
C2 CompilerThread0  4016 2676   !   4       java.net.URL::<init> (543 bytes)
Total: 1

VM state: not at safepoint (normal execution)

VM Mutex/Monitor currently owned by a thread: None

Heap address: 0x0000000089e00000, size: 1890 MB, Compressed Oops mode: 32-bit

CDS archive(s) mapped at: [0x0000022d24000000-0x0000022d24c80000-0x0000022d24c80000), size 13107200, SharedBaseAddress: 0x0000022d24000000, ArchiveRelocationMode: 1.
Compressed class space mapped at: 0x0000022d25000000-0x0000022d65000000, reserved size: 1073741824
Narrow klass base: 0x0000022d24000000, Narrow klass shift: 0, Narrow klass range: 0x100000000

GC Precious Log:
 CardTable entry size: 512
 Card Set container configuration: InlinePtr #cards 5 size 8 Array Of Cards #cards 12 size 40 Howl #buckets 4 coarsen threshold 1843 Howl Bitmap #cards 512 size 80 coarsen threshold 460 Card regions per heap region 1 cards per card region 2048
 CPUs: 12 total, 12 available
 Memory: 7559M
 Large Page Support: Disabled
 NUMA Support: Disabled
 Compressed Oops: Enabled (32-bit)
 Heap Region Size: 1M
 Heap Min Capacity: 8M
 Heap Initial Capacity: 120M
 Heap Max Capacity: 1890M
 Pre-touch: Disabled
 Parallel Workers: 10
 Concurrent Workers: 3
 Concurrent Refinement Workers: 10
 Periodic GC: Disabled

Heap:
 garbage-first heap   total 122880K, used 27053K [0x0000000089e00000, 0x0000000100000000)
  region size 1024K, 24 young (24576K), 2 survivors (2048K)
 Metaspace       used 14305K, committed 14528K, reserved 1114112K
  class space    used 1713K, committed 1792K, reserved 1048576K

Heap Regions: E=young(eden), S=young(survivor), O=old, HS=humongous(starts), HC=humongous(continues), CS=collection set, F=free, TAMS=top-at-mark-start, PB=parsable bottom
|   0|0x0000000089e00000, 0x0000000089f00000, 0x0000000089f00000|100%| O|  |TAMS 0x0000000089e00000| PB 0x0000000089e00000| Untracked 
|   1|0x0000000089f00000, 0x000000008a000000, 0x000000008a000000|100%| O|  |TAMS 0x0000000089f00000| PB 0x0000000089f00000| Untracked 
|   2|0x000000008a000000, 0x000000008a100000, 0x000000008a100000|100%| O|  |TAMS 0x000000008a000000| PB 0x000000008a000000| Untracked 
|   3|0x000000008a100000, 0x000000008a1b60d0, 0x000000008a200000| 71%| O|  |TAMS 0x000000008a100000| PB 0x000000008a100000| Untracked 
|   4|0x000000008a200000, 0x000000008a200000, 0x000000008a300000|  0%| F|  |TAMS 0x000000008a200000| PB 0x000000008a200000| Untracked 
|   5|0x000000008a300000, 0x000000008a300000, 0x000000008a400000|  0%| F|  |TAMS 0x000000008a300000| PB 0x000000008a300000| Untracked 
|   6|0x000000008a400000, 0x000000008a400000, 0x000000008a500000|  0%| F|  |TAMS 0x000000008a400000| PB 0x000000008a400000| Untracked 
|   7|0x000000008a500000, 0x000000008a500000, 0x000000008a600000|  0%| F|  |TAMS 0x000000008a500000| PB 0x000000008a500000| Untracked 
|   8|0x000000008a600000, 0x000000008a600000, 0x000000008a700000|  0%| F|  |TAMS 0x000000008a600000| PB 0x000000008a600000| Untracked 
|   9|0x000000008a700000, 0x000000008a700000, 0x000000008a800000|  0%| F|  |TAMS 0x000000008a700000| PB 0x000000008a700000| Untracked 
|  10|0x000000008a800000, 0x000000008a800000, 0x000000008a900000|  0%| F|  |TAMS 0x000000008a800000| PB 0x000000008a800000| Untracked 
|  11|0x000000008a900000, 0x000000008a900000, 0x000000008aa00000|  0%| F|  |TAMS 0x000000008a900000| PB 0x000000008a900000| Untracked 
|  12|0x000000008aa00000, 0x000000008aa00000, 0x000000008ab00000|  0%| F|  |TAMS 0x000000008aa00000| PB 0x000000008aa00000| Untracked 
|  13|0x000000008ab00000, 0x000000008ab00000, 0x000000008ac00000|  0%| F|  |TAMS 0x000000008ab00000| PB 0x000000008ab00000| Untracked 
|  14|0x000000008ac00000, 0x000000008ac00000, 0x000000008ad00000|  0%| F|  |TAMS 0x000000008ac00000| PB 0x000000008ac00000| Untracked 
|  15|0x000000008ad00000, 0x000000008ad00000, 0x000000008ae00000|  0%| F|  |TAMS 0x000000008ad00000| PB 0x000000008ad00000| Untracked 
|  16|0x000000008ae00000, 0x000000008ae00000, 0x000000008af00000|  0%| F|  |TAMS 0x000000008ae00000| PB 0x000000008ae00000| Untracked 
|  17|0x000000008af00000, 0x000000008af00000, 0x000000008b000000|  0%| F|  |TAMS 0x000000008af00000| PB 0x000000008af00000| Untracked 
|  18|0x000000008b000000, 0x000000008b000000, 0x000000008b100000|  0%| F|  |TAMS 0x000000008b000000| PB 0x000000008b000000| Untracked 
|  19|0x000000008b100000, 0x000000008b100000, 0x000000008b200000|  0%| F|  |TAMS 0x000000008b100000| PB 0x000000008b100000| Untracked 
|  20|0x000000008b200000, 0x000000008b200000, 0x000000008b300000|  0%| F|  |TAMS 0x000000008b200000| PB 0x000000008b200000| Untracked 
|  21|0x000000008b300000, 0x000000008b300000, 0x000000008b400000|  0%| F|  |TAMS 0x000000008b300000| PB 0x000000008b300000| Untracked 
|  22|0x000000008b400000, 0x000000008b400000, 0x000000008b500000|  0%| F|  |TAMS 0x000000008b400000| PB 0x000000008b400000| Untracked 
|  23|0x000000008b500000, 0x000000008b500000, 0x000000008b600000|  0%| F|  |TAMS 0x000000008b500000| PB 0x000000008b500000| Untracked 
|  24|0x000000008b600000, 0x000000008b600000, 0x000000008b700000|  0%| F|  |TAMS 0x000000008b600000| PB 0x000000008b600000| Untracked 
|  25|0x000000008b700000, 0x000000008b700000, 0x000000008b800000|  0%| F|  |TAMS 0x000000008b700000| PB 0x000000008b700000| Untracked 
|  26|0x000000008b800000, 0x000000008b800000, 0x000000008b900000|  0%| F|  |TAMS 0x000000008b800000| PB 0x000000008b800000| Untracked 
|  27|0x000000008b900000, 0x000000008b900000, 0x000000008ba00000|  0%| F|  |TAMS 0x000000008b900000| PB 0x000000008b900000| Untracked 
|  28|0x000000008ba00000, 0x000000008ba00000, 0x000000008bb00000|  0%| F|  |TAMS 0x000000008ba00000| PB 0x000000008ba00000| Untracked 
|  29|0x000000008bb00000, 0x000000008bb00000, 0x000000008bc00000|  0%| F|  |TAMS 0x000000008bb00000| PB 0x000000008bb00000| Untracked 
|  30|0x000000008bc00000, 0x000000008bc00000, 0x000000008bd00000|  0%| F|  |TAMS 0x000000008bc00000| PB 0x000000008bc00000| Untracked 
|  31|0x000000008bd00000, 0x000000008bd00000, 0x000000008be00000|  0%| F|  |TAMS 0x000000008bd00000| PB 0x000000008bd00000| Untracked 
|  32|0x000000008be00000, 0x000000008be00000, 0x000000008bf00000|  0%| F|  |TAMS 0x000000008be00000| PB 0x000000008be00000| Untracked 
|  33|0x000000008bf00000, 0x000000008bf00000, 0x000000008c000000|  0%| F|  |TAMS 0x000000008bf00000| PB 0x000000008bf00000| Untracked 
|  34|0x000000008c000000, 0x000000008c000000, 0x000000008c100000|  0%| F|  |TAMS 0x000000008c000000| PB 0x000000008c000000| Untracked 
|  35|0x000000008c100000, 0x000000008c100000, 0x000000008c200000|  0%| F|  |TAMS 0x000000008c100000| PB 0x000000008c100000| Untracked 
|  36|0x000000008c200000, 0x000000008c200000, 0x000000008c300000|  0%| F|  |TAMS 0x000000008c200000| PB 0x000000008c200000| Untracked 
|  37|0x000000008c300000, 0x000000008c300000, 0x000000008c400000|  0%| F|  |TAMS 0x000000008c300000| PB 0x000000008c300000| Untracked 
|  38|0x000000008c400000, 0x000000008c400000, 0x000000008c500000|  0%| F|  |TAMS 0x000000008c400000| PB 0x000000008c400000| Untracked 
|  39|0x000000008c500000, 0x000000008c500000, 0x000000008c600000|  0%| F|  |TAMS 0x000000008c500000| PB 0x000000008c500000| Untracked 
|  40|0x000000008c600000, 0x000000008c600000, 0x000000008c700000|  0%| F|  |TAMS 0x000000008c600000| PB 0x000000008c600000| Untracked 
|  41|0x000000008c700000, 0x000000008c700000, 0x000000008c800000|  0%| F|  |TAMS 0x000000008c700000| PB 0x000000008c700000| Untracked 
|  42|0x000000008c800000, 0x000000008c800000, 0x000000008c900000|  0%| F|  |TAMS 0x000000008c800000| PB 0x000000008c800000| Untracked 
|  43|0x000000008c900000, 0x000000008c900000, 0x000000008ca00000|  0%| F|  |TAMS 0x000000008c900000| PB 0x000000008c900000| Untracked 
|  44|0x000000008ca00000, 0x000000008ca00000, 0x000000008cb00000|  0%| F|  |TAMS 0x000000008ca00000| PB 0x000000008ca00000| Untracked 
|  45|0x000000008cb00000, 0x000000008cb00000, 0x000000008cc00000|  0%| F|  |TAMS 0x000000008cb00000| PB 0x000000008cb00000| Untracked 
|  46|0x000000008cc00000, 0x000000008cc00000, 0x000000008cd00000|  0%| F|  |TAMS 0x000000008cc00000| PB 0x000000008cc00000| Untracked 
|  47|0x000000008cd00000, 0x000000008cd00000, 0x000000008ce00000|  0%| F|  |TAMS 0x000000008cd00000| PB 0x000000008cd00000| Untracked 
|  48|0x000000008ce00000, 0x000000008ce00000, 0x000000008cf00000|  0%| F|  |TAMS 0x000000008ce00000| PB 0x000000008ce00000| Untracked 
|  49|0x000000008cf00000, 0x000000008cf00000, 0x000000008d000000|  0%| F|  |TAMS 0x000000008cf00000| PB 0x000000008cf00000| Untracked 
|  50|0x000000008d000000, 0x000000008d000000, 0x000000008d100000|  0%| F|  |TAMS 0x000000008d000000| PB 0x000000008d000000| Untracked 
|  51|0x000000008d100000, 0x000000008d100000, 0x000000008d200000|  0%| F|  |TAMS 0x000000008d100000| PB 0x000000008d100000| Untracked 
|  52|0x000000008d200000, 0x000000008d200000, 0x000000008d300000|  0%| F|  |TAMS 0x000000008d200000| PB 0x000000008d200000| Untracked 
|  53|0x000000008d300000, 0x000000008d300000, 0x000000008d400000|  0%| F|  |TAMS 0x000000008d300000| PB 0x000000008d300000| Untracked 
|  54|0x000000008d400000, 0x000000008d400000, 0x000000008d500000|  0%| F|  |TAMS 0x000000008d400000| PB 0x000000008d400000| Untracked 
|  55|0x000000008d500000, 0x000000008d500000, 0x000000008d600000|  0%| F|  |TAMS 0x000000008d500000| PB 0x000000008d500000| Untracked 
|  56|0x000000008d600000, 0x000000008d600000, 0x000000008d700000|  0%| F|  |TAMS 0x000000008d600000| PB 0x000000008d600000| Untracked 
|  57|0x000000008d700000, 0x000000008d700000, 0x000000008d800000|  0%| F|  |TAMS 0x000000008d700000| PB 0x000000008d700000| Untracked 
|  58|0x000000008d800000, 0x000000008d800000, 0x000000008d900000|  0%| F|  |TAMS 0x000000008d800000| PB 0x000000008d800000| Untracked 
|  59|0x000000008d900000, 0x000000008d900000, 0x000000008da00000|  0%| F|  |TAMS 0x000000008d900000| PB 0x000000008d900000| Untracked 
|  60|0x000000008da00000, 0x000000008da00000, 0x000000008db00000|  0%| F|  |TAMS 0x000000008da00000| PB 0x000000008da00000| Untracked 
|  61|0x000000008db00000, 0x000000008db00000, 0x000000008dc00000|  0%| F|  |TAMS 0x000000008db00000| PB 0x000000008db00000| Untracked 
|  62|0x000000008dc00000, 0x000000008dc00000, 0x000000008dd00000|  0%| F|  |TAMS 0x000000008dc00000| PB 0x000000008dc00000| Untracked 
|  63|0x000000008dd00000, 0x000000008dd00000, 0x000000008de00000|  0%| F|  |TAMS 0x000000008dd00000| PB 0x000000008dd00000| Untracked 
|  64|0x000000008de00000, 0x000000008de00000, 0x000000008df00000|  0%| F|  |TAMS 0x000000008de00000| PB 0x000000008de00000| Untracked 
|  65|0x000000008df00000, 0x000000008df00000, 0x000000008e000000|  0%| F|  |TAMS 0x000000008df00000| PB 0x000000008df00000| Untracked 
|  66|0x000000008e000000, 0x000000008e000000, 0x000000008e100000|  0%| F|  |TAMS 0x000000008e000000| PB 0x000000008e000000| Untracked 
|  67|0x000000008e100000, 0x000000008e100000, 0x000000008e200000|  0%| F|  |TAMS 0x000000008e100000| PB 0x000000008e100000| Untracked 
|  68|0x000000008e200000, 0x000000008e200000, 0x000000008e300000|  0%| F|  |TAMS 0x000000008e200000| PB 0x000000008e200000| Untracked 
|  69|0x000000008e300000, 0x000000008e300000, 0x000000008e400000|  0%| F|  |TAMS 0x000000008e300000| PB 0x000000008e300000| Untracked 
|  70|0x000000008e400000, 0x000000008e400000, 0x000000008e500000|  0%| F|  |TAMS 0x000000008e400000| PB 0x000000008e400000| Untracked 
|  71|0x000000008e500000, 0x000000008e500000, 0x000000008e600000|  0%| F|  |TAMS 0x000000008e500000| PB 0x000000008e500000| Untracked 
|  72|0x000000008e600000, 0x000000008e600000, 0x000000008e700000|  0%| F|  |TAMS 0x000000008e600000| PB 0x000000008e600000| Untracked 
|  73|0x000000008e700000, 0x000000008e700000, 0x000000008e800000|  0%| F|  |TAMS 0x000000008e700000| PB 0x000000008e700000| Untracked 
|  74|0x000000008e800000, 0x000000008e800000, 0x000000008e900000|  0%| F|  |TAMS 0x000000008e800000| PB 0x000000008e800000| Untracked 
|  75|0x000000008e900000, 0x000000008e900000, 0x000000008ea00000|  0%| F|  |TAMS 0x000000008e900000| PB 0x000000008e900000| Untracked 
|  76|0x000000008ea00000, 0x000000008ea00000, 0x000000008eb00000|  0%| F|  |TAMS 0x000000008ea00000| PB 0x000000008ea00000| Untracked 
|  77|0x000000008eb00000, 0x000000008eb00000, 0x000000008ec00000|  0%| F|  |TAMS 0x000000008eb00000| PB 0x000000008eb00000| Untracked 
|  78|0x000000008ec00000, 0x000000008ec00000, 0x000000008ed00000|  0%| F|  |TAMS 0x000000008ec00000| PB 0x000000008ec00000| Untracked 
|  79|0x000000008ed00000, 0x000000008ed00000, 0x000000008ee00000|  0%| F|  |TAMS 0x000000008ed00000| PB 0x000000008ed00000| Untracked 
|  80|0x000000008ee00000, 0x000000008ee00000, 0x000000008ef00000|  0%| F|  |TAMS 0x000000008ee00000| PB 0x000000008ee00000| Untracked 
|  81|0x000000008ef00000, 0x000000008ef00000, 0x000000008f000000|  0%| F|  |TAMS 0x000000008ef00000| PB 0x000000008ef00000| Untracked 
|  82|0x000000008f000000, 0x000000008f000000, 0x000000008f100000|  0%| F|  |TAMS 0x000000008f000000| PB 0x000000008f000000| Untracked 
|  83|0x000000008f100000, 0x000000008f100000, 0x000000008f200000|  0%| F|  |TAMS 0x000000008f100000| PB 0x000000008f100000| Untracked 
|  84|0x000000008f200000, 0x000000008f200000, 0x000000008f300000|  0%| F|  |TAMS 0x000000008f200000| PB 0x000000008f200000| Untracked 
|  85|0x000000008f300000, 0x000000008f3b5470, 0x000000008f400000| 70%| S|CS|TAMS 0x000000008f300000| PB 0x000000008f300000| Complete 
|  86|0x000000008f400000, 0x000000008f500000, 0x000000008f500000|100%| S|CS|TAMS 0x000000008f400000| PB 0x000000008f400000| Complete 
|  87|0x000000008f500000, 0x000000008f500000, 0x000000008f600000|  0%| F|  |TAMS 0x000000008f500000| PB 0x000000008f500000| Untracked 
|  88|0x000000008f600000, 0x000000008f600000, 0x000000008f700000|  0%| F|  |TAMS 0x000000008f600000| PB 0x000000008f600000| Untracked 
|  89|0x000000008f700000, 0x000000008f700000, 0x000000008f800000|  0%| F|  |TAMS 0x000000008f700000| PB 0x000000008f700000| Untracked 
|  90|0x000000008f800000, 0x000000008f800000, 0x000000008f900000|  0%| F|  |TAMS 0x000000008f800000| PB 0x000000008f800000| Untracked 
|  91|0x000000008f900000, 0x000000008f900000, 0x000000008fa00000|  0%| F|  |TAMS 0x000000008f900000| PB 0x000000008f900000| Untracked 
|  92|0x000000008fa00000, 0x000000008fa00000, 0x000000008fb00000|  0%| F|  |TAMS 0x000000008fa00000| PB 0x000000008fa00000| Untracked 
|  93|0x000000008fb00000, 0x000000008fb00000, 0x000000008fc00000|  0%| F|  |TAMS 0x000000008fb00000| PB 0x000000008fb00000| Untracked 
|  94|0x000000008fc00000, 0x000000008fc00000, 0x000000008fd00000|  0%| F|  |TAMS 0x000000008fc00000| PB 0x000000008fc00000| Untracked 
|  95|0x000000008fd00000, 0x000000008fd00000, 0x000000008fe00000|  0%| F|  |TAMS 0x000000008fd00000| PB 0x000000008fd00000| Untracked 
|  96|0x000000008fe00000, 0x000000008fe00000, 0x000000008ff00000|  0%| F|  |TAMS 0x000000008fe00000| PB 0x000000008fe00000| Untracked 
|  97|0x000000008ff00000, 0x000000008ff00000, 0x0000000090000000|  0%| F|  |TAMS 0x000000008ff00000| PB 0x000000008ff00000| Untracked 
|  98|0x0000000090000000, 0x0000000090100000, 0x0000000090100000|100%| E|  |TAMS 0x0000000090000000| PB 0x0000000090000000| Complete 
|  99|0x0000000090100000, 0x0000000090200000, 0x0000000090200000|100%| E|CS|TAMS 0x0000000090100000| PB 0x0000000090100000| Complete 
| 100|0x0000000090200000, 0x0000000090300000, 0x0000000090300000|100%| E|CS|TAMS 0x0000000090200000| PB 0x0000000090200000| Complete 
| 101|0x0000000090300000, 0x0000000090400000, 0x0000000090400000|100%| E|CS|TAMS 0x0000000090300000| PB 0x0000000090300000| Complete 
| 102|0x0000000090400000, 0x0000000090500000, 0x0000000090500000|100%| E|CS|TAMS 0x0000000090400000| PB 0x0000000090400000| Complete 
| 103|0x0000000090500000, 0x0000000090600000, 0x0000000090600000|100%| E|CS|TAMS 0x0000000090500000| PB 0x0000000090500000| Complete 
| 104|0x0000000090600000, 0x0000000090700000, 0x0000000090700000|100%| E|CS|TAMS 0x0000000090600000| PB 0x0000000090600000| Complete 
| 105|0x0000000090700000, 0x0000000090800000, 0x0000000090800000|100%| E|CS|TAMS 0x0000000090700000| PB 0x0000000090700000| Complete 
| 106|0x0000000090800000, 0x0000000090900000, 0x0000000090900000|100%| E|CS|TAMS 0x0000000090800000| PB 0x0000000090800000| Complete 
| 107|0x0000000090900000, 0x0000000090a00000, 0x0000000090a00000|100%| E|CS|TAMS 0x0000000090900000| PB 0x0000000090900000| Complete 
| 108|0x0000000090a00000, 0x0000000090b00000, 0x0000000090b00000|100%| E|CS|TAMS 0x0000000090a00000| PB 0x0000000090a00000| Complete 
| 109|0x0000000090b00000, 0x0000000090c00000, 0x0000000090c00000|100%| E|CS|TAMS 0x0000000090b00000| PB 0x0000000090b00000| Complete 
| 110|0x0000000090c00000, 0x0000000090d00000, 0x0000000090d00000|100%| E|CS|TAMS 0x0000000090c00000| PB 0x0000000090c00000| Complete 
| 111|0x0000000090d00000, 0x0000000090e00000, 0x0000000090e00000|100%| E|CS|TAMS 0x0000000090d00000| PB 0x0000000090d00000| Complete 
| 112|0x0000000090e00000, 0x0000000090f00000, 0x0000000090f00000|100%| E|CS|TAMS 0x0000000090e00000| PB 0x0000000090e00000| Complete 
| 113|0x0000000090f00000, 0x0000000091000000, 0x0000000091000000|100%| E|CS|TAMS 0x0000000090f00000| PB 0x0000000090f00000| Complete 
| 114|0x0000000091000000, 0x0000000091100000, 0x0000000091100000|100%| E|CS|TAMS 0x0000000091000000| PB 0x0000000091000000| Complete 
| 115|0x0000000091100000, 0x0000000091200000, 0x0000000091200000|100%| E|CS|TAMS 0x0000000091100000| PB 0x0000000091100000| Complete 
| 116|0x0000000091200000, 0x0000000091300000, 0x0000000091300000|100%| E|CS|TAMS 0x0000000091200000| PB 0x0000000091200000| Complete 
| 117|0x0000000091300000, 0x0000000091400000, 0x0000000091400000|100%| E|CS|TAMS 0x0000000091300000| PB 0x0000000091300000| Complete 
| 118|0x0000000091400000, 0x0000000091500000, 0x0000000091500000|100%| E|CS|TAMS 0x0000000091400000| PB 0x0000000091400000| Complete 
| 119|0x0000000091500000, 0x0000000091600000, 0x0000000091600000|100%| E|CS|TAMS 0x0000000091500000| PB 0x0000000091500000| Complete 

Card table byte_map: [0x0000022d1e7a0000,0x0000022d1eb60000] _byte_map_base: 0x0000022d1e351000

Marking Bits: (CMBitMap*) 0x0000022d0b56f920
 Bits: [0x0000022d1eb60000, 0x0000022d208e8000)

Polling page: 0x0000022d09570000

Metaspace:

Usage:
  Non-class:     12.33 MB used.
      Class:      1.68 MB used.
       Both:     14.00 MB used.

Virtual space:
  Non-class space:       64.00 MB reserved,      12.44 MB ( 19%) committed,  1 nodes.
      Class space:        1.00 GB reserved,       1.75 MB ( <1%) committed,  1 nodes.
             Both:        1.06 GB reserved,      14.19 MB (  1%) committed. 

Chunk freelists:
   Non-Class:  2.89 MB
       Class:  14.06 MB
        Both:  16.95 MB

MaxMetaspaceSize: unlimited
CompressedClassSpaceSize: 1.00 GB
Initial GC threshold: 21.00 MB
Current GC threshold: 21.00 MB
CDS: on
 - commit_granule_bytes: 65536.
 - commit_granule_words: 8192.
 - virtual_space_node_default_size: 8388608.
 - enlarge_chunks_in_place: 1.
 - use_allocation_guard: 0.


Internal statistics:

num_allocs_failed_limit: 0.
num_arena_births: 140.
num_arena_deaths: 0.
num_vsnodes_births: 2.
num_vsnodes_deaths: 0.
num_space_committed: 227.
num_space_uncommitted: 0.
num_chunks_returned_to_freelist: 0.
num_chunks_taken_from_freelist: 591.
num_chunk_merges: 0.
num_chunk_splits: 429.
num_chunks_enlarged: 357.
num_inconsistent_stats: 0.

CodeHeap 'non-profiled nmethods': size=120000Kb used=1069Kb max_used=1069Kb free=118930Kb
 bounds [0x0000022d16960000, 0x0000022d16bd0000, 0x0000022d1de90000]
CodeHeap 'profiled nmethods': size=120000Kb used=5299Kb max_used=5299Kb free=114701Kb
 bounds [0x0000022d0ee90000, 0x0000022d0f3c0000, 0x0000022d163c0000]
CodeHeap 'non-nmethods': size=5760Kb used=1397Kb max_used=1412Kb free=4362Kb
 bounds [0x0000022d163c0000, 0x0000022d16630000, 0x0000022d16960000]
 total_blobs=3222 nmethods=2731 adapters=395
 compilation: enabled
              stopped_count=0, restarted_count=0
 full_count=0

Compilation events (20 events):
Event: 2.888 Thread 0x0000022d235f0070 2703       3       java.util.regex.Pattern$$Lambda/0x800000031::is (9 bytes)
Event: 2.888 Thread 0x0000022d235f0070 nmethod 2703 0x0000022d0f3b2a90 code [0x0000022d0f3b2c40, 0x0000022d0f3b2ec0]
Event: 2.888 Thread 0x0000022d235f0070 2704       3       java.util.regex.Pattern::lambda$negate$7 (16 bytes)
Event: 2.888 Thread 0x0000022d235f0070 nmethod 2704 0x0000022d0f3b2f90 code [0x0000022d0f3b3140, 0x0000022d0f3b3348]
Event: 2.930 Thread 0x0000022d235f0070 2707       3       java.util.Arrays$ArrayList::indexOf (62 bytes)
Event: 2.931 Thread 0x0000022d235f0070 nmethod 2707 0x0000022d0f3b3410 code [0x0000022d0f3b3600, 0x0000022d0f3b3a58]
Event: 2.931 Thread 0x0000022d235f0070 2708       3       java.lang.StringBuilder::append (8 bytes)
Event: 2.931 Thread 0x0000022d235f0070 nmethod 2708 0x0000022d0f3b3c10 code [0x0000022d0f3b3dc0, 0x0000022d0f3b3f10]
Event: 2.931 Thread 0x0000022d235f0070 2706       3       java.util.Arrays$ArrayList::contains (14 bytes)
Event: 2.931 Thread 0x0000022d235f0070 nmethod 2706 0x0000022d0f3b3f90 code [0x0000022d0f3b4140, 0x0000022d0f3b42e8]
Event: 2.934 Thread 0x0000022d235f0070 2709       3       java.lang.Character::codePointBefore (48 bytes)
Event: 2.935 Thread 0x0000022d235f0070 nmethod 2709 0x0000022d0f3b4390 code [0x0000022d0f3b4580, 0x0000022d0f3b4b08]
Event: 2.935 Thread 0x0000022d235f0070 2710       3       org.apache.maven.model.io.xpp3.MavenXpp3ReaderEx::checkFieldWithDuplicate (75 bytes)
Event: 2.935 Thread 0x0000022d235f0070 nmethod 2710 0x0000022d0f3b4c90 code [0x0000022d0f3b4f40, 0x0000022d0f3b5940]
Event: 2.936 Thread 0x0000022d235f0070 2712       3       java.lang.String::valueOf (39 bytes)
Event: 2.937 Thread 0x0000022d235f0070 nmethod 2712 0x0000022d0f3b5d90 code [0x0000022d0f3b5f80, 0x0000022d0f3b6670]
Event: 2.937 Thread 0x0000022d235f0070 2714       3       java.lang.AbstractStringBuilder::append (45 bytes)
Event: 2.937 Thread 0x0000022d235f0070 nmethod 2714 0x0000022d0f3b6890 code [0x0000022d0f3b6aa0, 0x0000022d0f3b6fc8]
Event: 2.938 Thread 0x0000022d235f0070 2713       3       java.lang.StringLatin1::toBytes (9 bytes)
Event: 2.938 Thread 0x0000022d235f0070 nmethod 2713 0x0000022d0f3b7210 code [0x0000022d0f3b73a0, 0x0000022d0f3b7528]

GC Heap History (4 events):
Event: 1.165 GC heap before
{Heap before GC invocations=0 (full 0):
 garbage-first heap   total 122880K, used 22528K [0x0000000089e00000, 0x0000000100000000)
  region size 1024K, 23 young (23552K), 0 survivors (0K)
 Metaspace       used 5667K, committed 5888K, reserved 1114112K
  class space    used 661K, committed 768K, reserved 1048576K
}
Event: 1.176 GC heap after
{Heap after GC invocations=1 (full 0):
 garbage-first heap   total 122880K, used 3848K [0x0000000089e00000, 0x0000000100000000)
  region size 1024K, 3 young (3072K), 3 survivors (3072K)
 Metaspace       used 5667K, committed 5888K, reserved 1114112K
  class space    used 661K, committed 768K, reserved 1048576K
}
Event: 2.006 GC heap before
{Heap before GC invocations=1 (full 0):
 garbage-first heap   total 122880K, used 34568K [0x0000000089e00000, 0x0000000100000000)
  region size 1024K, 33 young (33792K), 3 survivors (3072K)
 Metaspace       used 9718K, committed 9920K, reserved 1114112K
  class space    used 1146K, committed 1216K, reserved 1048576K
}
Event: 2.018 GC heap after
{Heap after GC invocations=2 (full 0):
 garbage-first heap   total 122880K, used 5549K [0x0000000089e00000, 0x0000000100000000)
  region size 1024K, 2 young (2048K), 2 survivors (2048K)
 Metaspace       used 9718K, committed 9920K, reserved 1114112K
  class space    used 1146K, committed 1216K, reserved 1048576K
}

Dll operation events (8 events):
Event: 0.016 Loaded shared library C:\Users\91750\.p2\pool\plugins\org.eclipse.justj.openjdk.hotspot.jre.full.win32.x86_64_21.0.7.v20250502-0916\jre\bin\java.dll
Event: 0.064 Loaded shared library C:\Users\91750\.p2\pool\plugins\org.eclipse.justj.openjdk.hotspot.jre.full.win32.x86_64_21.0.7.v20250502-0916\jre\bin\zip.dll
Event: 0.106 Loaded shared library C:\Users\91750\.p2\pool\plugins\org.eclipse.justj.openjdk.hotspot.jre.full.win32.x86_64_21.0.7.v20250502-0916\jre\bin\net.dll
Event: 0.110 Loaded shared library C:\Users\91750\.p2\pool\plugins\org.eclipse.justj.openjdk.hotspot.jre.full.win32.x86_64_21.0.7.v20250502-0916\jre\bin\nio.dll
Event: 0.118 Loaded shared library C:\Users\91750\.p2\pool\plugins\org.eclipse.justj.openjdk.hotspot.jre.full.win32.x86_64_21.0.7.v20250502-0916\jre\bin\zip.dll
Event: 0.369 Loaded shared library C:\Users\91750\.p2\pool\plugins\org.eclipse.justj.openjdk.hotspot.jre.full.win32.x86_64_21.0.7.v20250502-0916\jre\bin\jimage.dll
Event: 0.371 Loaded shared library C:\Users\91750\.m2\wrapper\dists\apache-maven-3.9.10\a38810a491b03367137adfdfbe7d14c4\lib\jansi-native\Windows\x86_64\jansi.dll
Event: 0.397 Loaded shared library C:\Users\91750\.p2\pool\plugins\org.eclipse.justj.openjdk.hotspot.jre.full.win32.x86_64_21.0.7.v20250502-0916\jre\bin\verify.dll

Deoptimization events (20 events):
Event: 2.803 Thread 0x0000022d0b51ed10 DEOPT PACKING pc=0x0000022d169e8630 sp=0x000000ee08efe810
Event: 2.803 Thread 0x0000022d0b51ed10 DEOPT UNPACKING pc=0x0000022d164146a2 sp=0x000000ee08efe798 mode 2
Event: 2.908 Thread 0x0000022d0b51ed10 DEOPT PACKING pc=0x0000022d0f36c461 sp=0x000000ee08efe4a0
Event: 2.908 Thread 0x0000022d0b51ed10 DEOPT UNPACKING pc=0x0000022d16414e42 sp=0x000000ee08efd9c8 mode 0
Event: 2.929 Thread 0x0000022d0b51ed10 Uncommon trap: trap_request=0xffffff45 fr.pc=0x0000022d169c588c relative=0x000000000000088c
Event: 2.929 Thread 0x0000022d0b51ed10 Uncommon trap: reason=unstable_if action=reinterpret pc=0x0000022d169c588c method=sun.nio.cs.StreamDecoder.implRead([CII)I @ 36 c2
Event: 2.929 Thread 0x0000022d0b51ed10 DEOPT PACKING pc=0x0000022d169c588c sp=0x000000ee08efdf70
Event: 2.929 Thread 0x0000022d0b51ed10 DEOPT UNPACKING pc=0x0000022d164146a2 sp=0x000000ee08efdf50 mode 2
Event: 2.930 Thread 0x0000022d0b51ed10 Uncommon trap: trap_request=0xffffff45 fr.pc=0x0000022d169b1594 relative=0x00000000000006b4
Event: 2.930 Thread 0x0000022d0b51ed10 Uncommon trap: reason=unstable_if action=reinterpret pc=0x0000022d169b1594 method=java.lang.AbstractStringBuilder.append(Ljava/lang/String;)Ljava/lang/AbstractStringBuilder; @ 1 c2
Event: 2.930 Thread 0x0000022d0b51ed10 DEOPT PACKING pc=0x0000022d169b1594 sp=0x000000ee08efe510
Event: 2.930 Thread 0x0000022d0b51ed10 DEOPT UNPACKING pc=0x0000022d164146a2 sp=0x000000ee08efe4a0 mode 2
Event: 2.930 Thread 0x0000022d0b51ed10 Uncommon trap: trap_request=0xffffff45 fr.pc=0x0000022d16990f04 relative=0x00000000000006a4
Event: 2.930 Thread 0x0000022d0b51ed10 Uncommon trap: reason=unstable_if action=reinterpret pc=0x0000022d16990f04 method=java.lang.AbstractStringBuilder.append(Ljava/lang/String;)Ljava/lang/AbstractStringBuilder; @ 1 c2
Event: 2.930 Thread 0x0000022d0b51ed10 DEOPT PACKING pc=0x0000022d16990f04 sp=0x000000ee08efe4b0
Event: 2.931 Thread 0x0000022d0b51ed10 DEOPT UNPACKING pc=0x0000022d164146a2 sp=0x000000ee08efe498 mode 2
Event: 2.932 Thread 0x0000022d0b51ed10 Uncommon trap: trap_request=0xffffff45 fr.pc=0x0000022d16a05574 relative=0x0000000000001974
Event: 2.932 Thread 0x0000022d0b51ed10 Uncommon trap: reason=unstable_if action=reinterpret pc=0x0000022d16a05574 method=jdk.internal.jimage.ImageLocation.verifyName(Ljava/lang/String;Ljava/lang/String;IIIIIILjdk/internal/jimage/ImageStrings;)Z @ 2 c2
Event: 2.932 Thread 0x0000022d0b51ed10 DEOPT PACKING pc=0x0000022d16a05574 sp=0x000000ee08efe050
Event: 2.932 Thread 0x0000022d0b51ed10 DEOPT UNPACKING pc=0x0000022d164146a2 sp=0x000000ee08efdd68 mode 2

Classes loaded (20 events):
Event: 2.861 Loading class jdk/internal/misc/ThreadTracker
Event: 2.861 Loading class jdk/internal/misc/ThreadTracker done
Event: 2.861 Loading class jdk/internal/misc/ThreadTracker$ThreadRef
Event: 2.861 Loading class jdk/internal/misc/ThreadTracker$ThreadRef done
Event: 2.861 Loading class java/net/URL$2
Event: 2.861 Loading class java/net/URL$2 done
Event: 2.861 Loading class java/net/URL$1
Event: 2.861 Loading class java/net/URL$1 done
Event: 2.861 Loading class java/net/spi/URLStreamHandlerProvider
Event: 2.861 Loading class java/net/spi/URLStreamHandlerProvider done
Event: 2.862 Loading class sun/net/www/protocol/https/Handler
Event: 2.862 Loading class sun/net/www/protocol/http/Handler
Event: 2.862 Loading class sun/net/www/protocol/http/Handler done
Event: 2.862 Loading class sun/net/www/protocol/https/Handler done
Event: 2.865 Loading class java/util/regex/Pattern$Pos
Event: 2.865 Loading class java/util/regex/Pattern$Pos done
Event: 2.871 Loading class java/util/ArrayList$SubList$1
Event: 2.871 Loading class java/util/ArrayList$SubList$1 done
Event: 2.877 Loading class java/util/concurrent/atomic/AtomicReference
Event: 2.877 Loading class java/util/concurrent/atomic/AtomicReference done

Classes unloaded (0 events):
No events

Classes redefined (0 events):
No events

Internal exceptions (20 events):
Event: 0.906 Thread 0x0000022d0b51ed10 Exception <a 'java/lang/NoSuchMethodError'{0x00000000906e0f90}: 'java.lang.Object java.lang.invoke.Invokers$Holder.invokeExact_MT(java.lang.Object, java.lang.Object, java.lang.Object, java.lang.Object, java.lang.Object, java.lang.Object)'> (0x00000000906e0f90) 
thrown [s\src\hotspot\share\interpreter\linkResolver.cpp, line 773]
Event: 0.910 Thread 0x0000022d0b51ed10 Exception <a 'java/lang/NoSuchMethodError'{0x00000000906efcf0}: 'int java.lang.invoke.DirectMethodHandle$Holder.invokeSpecialIFC(java.lang.Object, java.lang.Object, java.lang.Object, java.lang.Object, java.lang.Object)'> (0x00000000906efcf0) 
thrown [s\src\hotspot\share\interpreter\linkResolver.cpp, line 773]
Event: 0.987 Thread 0x0000022d0b51ed10 Exception <a 'java/lang/NoSuchMethodError'{0x000000009048d618}: 'java.lang.Object java.lang.invoke.DirectMethodHandle$Holder.newInvokeSpecial(java.lang.Object, java.lang.Object, java.lang.Object, java.lang.Object, java.lang.Object)'> (0x000000009048d618) 
thrown [s\src\hotspot\share\interpreter\linkResolver.cpp, line 773]
Event: 1.035 Thread 0x0000022d0b51ed10 Exception <a 'java/lang/NoSuchMethodError'{0x00000000903aa680}: 'int java.lang.invoke.DirectMethodHandle$Holder.invokeStaticInit(java.lang.Object, java.lang.Object)'> (0x00000000903aa680) 
thrown [s\src\hotspot\share\interpreter\linkResolver.cpp, line 773]
Event: 1.048 Thread 0x0000022d0b51ed10 Exception <a 'java/lang/NoClassDefFoundError'{0x00000000903e1c30}: javax/enterprise/inject/Typed> (0x00000000903e1c30) 
thrown [s\src\hotspot\share\classfile\systemDictionary.cpp, line 301]
Event: 2.194 Thread 0x0000022d0b51ed10 Exception <a 'java/lang/NoSuchMethodError'{0x0000000091196f28}: 'void java.lang.invoke.DirectMethodHandle$Holder.invokeStaticInit(java.lang.Object, java.lang.Object, java.lang.Object)'> (0x0000000091196f28) 
thrown [s\src\hotspot\share\interpreter\linkResolver.cpp, line 773]
Event: 2.204 Thread 0x0000022d0b51ed10 Exception <a 'java/lang/ExceptionInInitializerError'{0x00000000911c5420}> (0x00000000911c5420) 
thrown [s\src\hotspot\share\oops\instanceKlass.cpp, line 1220]
Event: 2.225 Thread 0x0000022d0b51ed10 Exception <a 'java/lang/NoSuchMethodError'{0x0000000091030508}: 'long java.lang.invoke.DirectMethodHandle$Holder.invokeStatic(java.lang.Object, java.lang.Object, int)'> (0x0000000091030508) 
thrown [s\src\hotspot\share\interpreter\linkResolver.cpp, line 773]
Event: 2.228 Thread 0x0000022d0b51ed10 Exception <a 'java/lang/NoSuchMethodError'{0x0000000091043a60}: 'java.lang.Object java.lang.invoke.DirectMethodHandle$Holder.invokeStatic(java.lang.Object, java.lang.Object, java.lang.Object, java.lang.Object, int)'> (0x0000000091043a60) 
thrown [s\src\hotspot\share\interpreter\linkResolver.cpp, line 773]
Event: 2.230 Thread 0x0000022d0b51ed10 Exception <a 'java/lang/NoSuchMethodError'{0x000000009104bc38}: 'java.lang.Object java.lang.invoke.DirectMethodHandle$Holder.invokeSpecial(java.lang.Object, java.lang.Object, java.lang.Object, java.lang.Object, long)'> (0x000000009104bc38) 
thrown [s\src\hotspot\share\interpreter\linkResolver.cpp, line 773]
Event: 2.232 Thread 0x0000022d0b51ed10 Exception <a 'java/lang/NoSuchMethodError'{0x0000000091057a38}: 'java.lang.Object java.lang.invoke.DirectMethodHandle$Holder.invokeSpecial(java.lang.Object, java.lang.Object, java.lang.Object, int, java.lang.Object)'> (0x0000000091057a38) 
thrown [s\src\hotspot\share\interpreter\linkResolver.cpp, line 773]
Event: 2.233 Thread 0x0000022d0b51ed10 Exception <a 'java/lang/NoSuchMethodError'{0x000000009105fd88}: 'int java.lang.invoke.DirectMethodHandle$Holder.invokeSpecial(java.lang.Object, java.lang.Object, java.lang.Object, int)'> (0x000000009105fd88) 
thrown [s\src\hotspot\share\interpreter\linkResolver.cpp, line 773]
Event: 2.241 Thread 0x0000022d0b51ed10 Implicit null exception at 0x0000022d16a0875d to 0x0000022d16a08964
Event: 2.243 Thread 0x0000022d0b51ed10 Exception <a 'java/lang/NoSuchMethodError'{0x0000000091085938}: 'java.lang.Object java.lang.invoke.Invokers$Holder.invokeExact_MT(java.lang.Object, int, java.lang.Object)'> (0x0000000091085938) 
thrown [s\src\hotspot\share\interpreter\linkResolver.cpp, line 773]
Event: 2.553 Thread 0x0000022d0b51ed10 Exception <a 'java/lang/NoSuchMethodError'{0x00000000908956e0}: 'void java.lang.invoke.Invokers$Holder.invokeExact_MT(java.lang.Object, java.lang.Object, java.lang.Object, java.lang.Object)'> (0x00000000908956e0) 
thrown [s\src\hotspot\share\interpreter\linkResolver.cpp, line 773]
Event: 2.578 Thread 0x0000022d0b51ed10 Exception <a 'java/lang/NoClassDefFoundError'{0x000000009072bd70}: com/google/inject/servlet/ServletModuleTargetVisitor> (0x000000009072bd70) 
thrown [s\src\hotspot\share\classfile\systemDictionary.cpp, line 301]
Event: 2.653 Thread 0x0000022d0b51ed10 Exception <a 'java/lang/NoSuchMethodError'{0x00000000906ef1e8}: 'void java.lang.invoke.DirectMethodHandle$Holder.invokeVirtual(java.lang.Object, java.lang.Object)'> (0x00000000906ef1e8) 
thrown [s\src\hotspot\share\interpreter\linkResolver.cpp, line 773]
Event: 2.710 Thread 0x0000022d0b51ed10 Exception <a 'java/lang/NoSuchMethodError'{0x000000009056f610}: 'java.lang.Object java.lang.invoke.DirectMethodHandle$Holder.invokeStaticInit(java.lang.Object, int, int, int, int)'> (0x000000009056f610) 
thrown [s\src\hotspot\share\interpreter\linkResolver.cpp, line 773]
Event: 2.930 Thread 0x0000022d0b51ed10 Implicit null exception at 0x0000022d169b0f24 to 0x0000022d169b157c
Event: 2.930 Thread 0x0000022d0b51ed10 Implicit null exception at 0x0000022d169908a0 to 0x0000022d16990eec

ZGC Phase Switch (0 events):
No events

VM Operations (20 events):
Event: 2.298 Executing VM operation: HandshakeAllThreads (Deoptimize)
Event: 2.298 Executing VM operation: HandshakeAllThreads (Deoptimize) done
Event: 2.373 Executing VM operation: HandshakeAllThreads (Deoptimize)
Event: 2.373 Executing VM operation: HandshakeAllThreads (Deoptimize) done
Event: 2.409 Executing VM operation: ICBufferFull
Event: 2.409 Executing VM operation: ICBufferFull done
Event: 2.546 Executing VM operation: HandshakeAllThreads (Deoptimize)
Event: 2.546 Executing VM operation: HandshakeAllThreads (Deoptimize) done
Event: 2.664 Executing VM operation: HandshakeAllThreads (Deoptimize)
Event: 2.664 Executing VM operation: HandshakeAllThreads (Deoptimize) done
Event: 2.727 Executing VM operation: HandshakeAllThreads (Deoptimize)
Event: 2.727 Executing VM operation: HandshakeAllThreads (Deoptimize) done
Event: 2.781 Executing VM operation: ICBufferFull
Event: 2.781 Executing VM operation: ICBufferFull done
Event: 2.786 Executing VM operation: HandshakeAllThreads (Deoptimize)
Event: 2.786 Executing VM operation: HandshakeAllThreads (Deoptimize) done
Event: 2.863 Executing VM operation: HandshakeAllThreads (Deoptimize)
Event: 2.863 Executing VM operation: HandshakeAllThreads (Deoptimize) done
Event: 3.871 Executing VM operation: Cleanup
Event: 3.871 Executing VM operation: Cleanup done

Memory protections (0 events):
No events

Nmethod flushes (0 events):
No events

Events (16 events):
Event: 0.041 Thread 0x0000022d0b51ed10 Thread added: 0x0000022d0b51ed10
Event: 0.066 Thread 0x0000022d0b51ed10 Thread added: 0x0000022d235a5800
Event: 0.067 Thread 0x0000022d0b51ed10 Thread added: 0x0000022d235a9270
Event: 0.067 Thread 0x0000022d0b51ed10 Thread added: 0x0000022d235adac0
Event: 0.067 Thread 0x0000022d0b51ed10 Thread added: 0x0000022d235ac710
Event: 0.068 Thread 0x0000022d0b51ed10 Thread added: 0x0000022d235acda0
Event: 0.068 Thread 0x0000022d0b51ed10 Thread added: 0x0000022d235ac080
Event: 0.068 Thread 0x0000022d0b51ed10 Thread added: 0x0000022d235ed920
Event: 0.068 Thread 0x0000022d0b51ed10 Thread added: 0x0000022d235f0070
Event: 0.096 Thread 0x0000022d0b51ed10 Thread added: 0x0000022d235aee70
Event: 0.099 Thread 0x0000022d0b51ed10 Thread added: 0x0000022d235ae150
Event: 0.365 Thread 0x0000022d0b51ed10 Thread added: 0x0000022d235ad430
Event: 0.389 Thread 0x0000022d235ad430 Thread exited: 0x0000022d235ad430
Event: 0.706 Thread 0x0000022d235f0070 Thread added: 0x0000022d235f1bb0
Event: 2.223 Thread 0x0000022d235f1bb0 Thread exited: 0x0000022d235f1bb0
Event: 2.812 Thread 0x0000022d0b51ed10 Thread added: 0x0000022d235ad430


Dynamic libraries:
0x00007ff60caa0000 - 0x00007ff60caae000 	C:\Users\91750\.p2\pool\plugins\org.eclipse.justj.openjdk.hotspot.jre.full.win32.x86_64_21.0.7.v20250502-0916\jre\bin\java.exe
0x00007ffc17fe0000 - 0x00007ffc18248000 	C:\WINDOWS\SYSTEM32\ntdll.dll
0x00007ffc17540000 - 0x00007ffc17609000 	C:\WINDOWS\System32\KERNEL32.DLL
0x00007ffc157e0000 - 0x00007ffc15bcd000 	C:\WINDOWS\System32\KERNELBASE.dll
0x00000000533d0000 - 0x0000000053702000 	C:\Program Files\Norton Security\NortonData\22.23.5.106\Definitions\IPSDefs\20240517.064\IPSEng64.dll
0x00007ffc17610000 - 0x00007ffc176c4000 	C:\WINDOWS\System32\ADVAPI32.dll
0x00007ffc16830000 - 0x00007ffc168d9000 	C:\WINDOWS\System32\msvcrt.dll
0x00007ffc16700000 - 0x00007ffc167a6000 	C:\WINDOWS\System32\sechost.dll
0x00007ffc169e0000 - 0x00007ffc16af8000 	C:\WINDOWS\System32\RPCRT4.dll
0x00007ffc17af0000 - 0x00007ffc17af8000 	C:\WINDOWS\System32\PSAPI.DLL
0x00007ffc15690000 - 0x00007ffc157db000 	C:\WINDOWS\System32\ucrtbase.dll
0x00007ffbefbb0000 - 0x00007ffbefbc8000 	C:\Users\91750\.p2\pool\plugins\org.eclipse.justj.openjdk.hotspot.jre.full.win32.x86_64_21.0.7.v20250502-0916\jre\bin\jli.dll
0x00007ffbefc20000 - 0x00007ffbefc3e000 	C:\Users\91750\.p2\pool\plugins\org.eclipse.justj.openjdk.hotspot.jre.full.win32.x86_64_21.0.7.v20250502-0916\jre\bin\VCRUNTIME140.dll
0x00007ffc17890000 - 0x00007ffc17a5c000 	C:\WINDOWS\System32\USER32.dll
0x00007ffc05470000 - 0x00007ffc0570a000 	C:\WINDOWS\WinSxS\amd64_microsoft.windows.common-controls_6595b64144ccf1df_6.0.26100.4484_none_3e0e6d4ce32ef3b3\COMCTL32.dll
0x00007ffc15d50000 - 0x00007ffc15d77000 	C:\WINDOWS\System32\win32u.dll
0x00007ffc17050000 - 0x00007ffc1707b000 	C:\WINDOWS\System32\GDI32.dll
0x00007ffc152a0000 - 0x00007ffc153d7000 	C:\WINDOWS\System32\gdi32full.dll
0x00007ffc151f0000 - 0x00007ffc15293000 	C:\WINDOWS\System32\msvcp_win.dll
0x00007ffc17ab0000 - 0x00007ffc17adf000 	C:\WINDOWS\System32\IMM32.DLL
0x00007ffbefc10000 - 0x00007ffbefc1c000 	C:\Users\91750\.p2\pool\plugins\org.eclipse.justj.openjdk.hotspot.jre.full.win32.x86_64_21.0.7.v20250502-0916\jre\bin\vcruntime140_1.dll
0x00007ffbd8ee0000 - 0x00007ffbd8f6d000 	C:\Users\91750\.p2\pool\plugins\org.eclipse.justj.openjdk.hotspot.jre.full.win32.x86_64_21.0.7.v20250502-0916\jre\bin\msvcp140.dll
0x00007ffb84d90000 - 0x00007ffb85b20000 	C:\Users\91750\.p2\pool\plugins\org.eclipse.justj.openjdk.hotspot.jre.full.win32.x86_64_21.0.7.v20250502-0916\jre\bin\server\jvm.dll
0x00007ffc17b00000 - 0x00007ffc17b74000 	C:\WINDOWS\System32\WS2_32.dll
0x00007ffc14de0000 - 0x00007ffc14e3e000 	C:\WINDOWS\SYSTEM32\POWRPROF.dll
0x00007ffc0d420000 - 0x00007ffc0d42b000 	C:\WINDOWS\SYSTEM32\VERSION.dll
0x00007ffc0d3e0000 - 0x00007ffc0d415000 	C:\WINDOWS\SYSTEM32\WINMM.dll
0x00007ffc14d00000 - 0x00007ffc14d14000 	C:\WINDOWS\SYSTEM32\UMPDC.dll
0x00007ffc13ee0000 - 0x00007ffc13efb000 	C:\WINDOWS\SYSTEM32\kernel.appcore.dll
0x00007ffc120c0000 - 0x00007ffc120ca000 	C:\Users\91750\.p2\pool\plugins\org.eclipse.justj.openjdk.hotspot.jre.full.win32.x86_64_21.0.7.v20250502-0916\jre\bin\jimage.dll
0x00007ffc09390000 - 0x00007ffc095d1000 	C:\WINDOWS\SYSTEM32\DBGHELP.DLL
0x00007ffc17b80000 - 0x00007ffc17f06000 	C:\WINDOWS\System32\combase.dll
0x00007ffc17440000 - 0x00007ffc17520000 	C:\WINDOWS\System32\OLEAUT32.dll
0x00007ffc04af0000 - 0x00007ffc04b33000 	C:\WINDOWS\SYSTEM32\dbgcore.DLL
0x00007ffc155f0000 - 0x00007ffc15689000 	C:\WINDOWS\System32\bcryptPrimitives.dll
0x00007ffbefbd0000 - 0x00007ffbefbef000 	C:\Users\91750\.p2\pool\plugins\org.eclipse.justj.openjdk.hotspot.jre.full.win32.x86_64_21.0.7.v20250502-0916\jre\bin\java.dll
0x00007ffc15fb0000 - 0x00007ffc166fa000 	C:\WINDOWS\System32\SHELL32.dll
0x00007ffc15470000 - 0x00007ffc155e4000 	C:\WINDOWS\System32\wintypes.dll
0x00007ffc12d60000 - 0x00007ffc135bb000 	C:\WINDOWS\SYSTEM32\windows.storage.dll
0x00007ffc15d80000 - 0x00007ffc15e75000 	C:\WINDOWS\System32\SHCORE.dll
0x00007ffc16b00000 - 0x00007ffc16b6a000 	C:\WINDOWS\System32\shlwapi.dll
0x00007ffc15040000 - 0x00007ffc1506f000 	C:\WINDOWS\SYSTEM32\profapi.dll
0x00007ffbefa80000 - 0x00007ffbefa98000 	C:\Users\91750\.p2\pool\plugins\org.eclipse.justj.openjdk.hotspot.jre.full.win32.x86_64_21.0.7.v20250502-0916\jre\bin\zip.dll
0x00007ffc0acb0000 - 0x00007ffc0acc0000 	C:\Users\91750\.p2\pool\plugins\org.eclipse.justj.openjdk.hotspot.jre.full.win32.x86_64_21.0.7.v20250502-0916\jre\bin\net.dll
0x00007ffc0e3d0000 - 0x00007ffc0e4ee000 	C:\WINDOWS\SYSTEM32\WINHTTP.dll
0x00007ffc14460000 - 0x00007ffc144ca000 	C:\WINDOWS\system32\mswsock.dll
0x00007ffbeda40000 - 0x00007ffbeda56000 	C:\Users\91750\.p2\pool\plugins\org.eclipse.justj.openjdk.hotspot.jre.full.win32.x86_64_21.0.7.v20250502-0916\jre\bin\nio.dll
0x00007ffbeaa90000 - 0x00007ffbeaab4000 	C:\Users\91750\.m2\wrapper\dists\apache-maven-3.9.10\a38810a491b03367137adfdfbe7d14c4\lib\jansi-native\Windows\x86_64\jansi.dll
0x00007ffc08570000 - 0x00007ffc08580000 	C:\Users\91750\.p2\pool\plugins\org.eclipse.justj.openjdk.hotspot.jre.full.win32.x86_64_21.0.7.v20250502-0916\jre\bin\verify.dll

dbghelp: loaded successfully - version: 4.0.5 - missing functions: none
symbol engine: initialized successfully - sym options: 0x614 - pdb path: .;C:\Users\91750\.p2\pool\plugins\org.eclipse.justj.openjdk.hotspot.jre.full.win32.x86_64_21.0.7.v20250502-0916\jre\bin;C:\WINDOWS\SYSTEM32;C:\Program Files\Norton Security\NortonData\22.23.5.106\Definitions\IPSDefs\20240517.064;C:\WINDOWS\WinSxS\amd64_microsoft.windows.common-controls_6595b64144ccf1df_6.0.26100.4484_none_3e0e6d4ce32ef3b3;C:\Users\91750\.p2\pool\plugins\org.eclipse.justj.openjdk.hotspot.jre.full.win32.x86_64_21.0.7.v20250502-0916\jre\bin\server;C:\Users\91750\.m2\wrapper\dists\apache-maven-3.9.10\a38810a491b03367137adfdfbe7d14c4\lib\jansi-native\Windows\x86_64

VM Arguments:
jvm_args: --enable-native-access=ALL-UNNAMED -Dclassworlds.conf=C:\Users\91750\.m2\wrapper\dists\apache-maven-3.9.10\a38810a491b03367137adfdfbe7d14c4\bin\m2.conf -Dmaven.home=C:\Users\91750\.m2\wrapper\dists\apache-maven-3.9.10\a38810a491b03367137adfdfbe7d14c4 -Dlibrary.jansi.path=C:\Users\91750\.m2\wrapper\dists\apache-maven-3.9.10\a38810a491b03367137adfdfbe7d14c4\lib\jansi-native -Dmaven.multiModuleProjectDirectory=D:\Projects\JobApp 
java_command: org.codehaus.plexus.classworlds.launcher.Launcher spring-boot:build-image -Dspring-boot.build-image.imageName=akshay2500/jobappimage
java_class_path (initial): C:\Users\91750\.m2\wrapper\dists\apache-maven-3.9.10\a38810a491b03367137adfdfbe7d14c4\boot\plexus-classworlds-2.9.0.jar
Launcher Type: SUN_STANDARD

[Global flags]
     intx CICompilerCount                          = 4                                         {product} {ergonomic}
     uint ConcGCThreads                            = 3                                         {product} {ergonomic}
     uint G1ConcRefinementThreads                  = 10                                        {product} {ergonomic}
   size_t G1HeapRegionSize                         = 1048576                                   {product} {ergonomic}
    uintx GCDrainStackTargetSize                   = 64                                        {product} {ergonomic}
   size_t InitialHeapSize                          = 125829120                                 {product} {ergonomic}
   size_t MarkStackSize                            = 4194304                                   {product} {ergonomic}
   size_t MaxHeapSize                              = 1981808640                                {product} {ergonomic}
   size_t MaxNewSize                               = 1189085184                                {product} {ergonomic}
   size_t MinHeapDeltaBytes                        = 1048576                                   {product} {ergonomic}
   size_t MinHeapSize                              = 8388608                                   {product} {ergonomic}
    uintx NonNMethodCodeHeapSize                   = 5839372                                {pd product} {ergonomic}
    uintx NonProfiledCodeHeapSize                  = 122909434                              {pd product} {ergonomic}
    uintx ProfiledCodeHeapSize                     = 122909434                              {pd product} {ergonomic}
    uintx ReservedCodeCacheSize                    = 251658240                              {pd product} {ergonomic}
     bool SegmentedCodeCache                       = true                                      {product} {ergonomic}
   size_t SoftMaxHeapSize                          = 1981808640                             {manageable} {ergonomic}
     bool UseCompressedOops                        = true                           {product lp64_product} {ergonomic}
     bool UseG1GC                                  = true                                      {product} {ergonomic}
     bool UseLargePagesIndividualAllocation        = false                                  {pd product} {ergonomic}

Logging:
Log output configuration:
 #0: stdout all=warning uptime,level,tags foldmultilines=false
 #1: stderr all=off uptime,level,tags foldmultilines=false

Environment Variables:
PATH=C:/Users/91750/.p2/pool/plugins/org.eclipse.justj.openjdk.hotspot.jre.full.win32.x86_64_21.0.7.v20250502-0916/jre/bin/server;C:/Users/91750/.p2/pool/plugins/org.eclipse.justj.openjdk.hotspot.jre.full.win32.x86_64_21.0.7.v20250502-0916/jre/bin;C:\Program Files\Common Files\Oracle\Java\javapath;C:\WINDOWS\system32;C:\WINDOWS;C:\WINDOWS\System32\Wbem;C:\WINDOWS\System32\WindowsPowerShell\v1.0\;C:\WINDOWS\System32\OpenSSH\;C:\Program Files\Java\jdk-21\bin;C:\msys64\mingw64\bin;D:\mongodb\mongosh-2.2.2-win32-x64\mongosh-2.2.2-win32-x64\bin;C:\Program Files\MongoDB\Server\7.0\bin;C:\Program Files\Git\cmd;C:\Program Files\Git\usr\bin;C:\Program Files\PuTTY\;C:\Program Files\Java\jdk-11\bin;C:\Program Files\Microsoft SQL Server\150\Tools\Binn\;C:\Program Files\nodejs\;C:\Program Files\Docker\Docker\resources\bin;C:\Program Files\MySQL\MySQL Shell 8.0\bin\;C:\Users\91750\AppData\Local\Microsoft\WindowsApps;C:\msys64\ucrt64\bin;C:\Users\91750\AppData\Local\Programs\Microsoft VS Code\bin;C:\Users\91750\AppData\Roaming\npm;C:\Users\91750\AppData\Local\GitHubDesktop\bin;C:\Users\91750\eclipse\java-2025-03\eclipse;
USERNAME=91750
TERM=xterm
OS=Windows_NT
PROCESSOR_IDENTIFIER=AMD64 Family 25 Model 80 Stepping 0, AuthenticAMD
TMP=C:\Users\91750\AppData\Local\Temp
TEMP=C:\Users\91750\AppData\Local\Temp




Periodic native trim disabled

---------------  S Y S T E M  ---------------

OS:
 Windows 11 , 64 bit Build 26100 (10.0.26100.4484)
OS uptime: 0 days 0:31 hours
Hyper-V role detected

CPU: total 12 (initial active 12) (12 cores per cpu, 2 threads per core) family 25 model 80 stepping 0 microcode 0xa50000d, cx8, cmov, fxsr, ht, mmx, 3dnowpref, sse, sse2, sse3, ssse3, sse4a, sse4.1, sse4.2, popcnt, lzcnt, tsc, tscinvbit, avx, avx2, aes, erms, clmul, bmi1, bmi2, adx, sha, fma, vzeroupper, clflush, clflushopt, hv, rdtscp, rdpid, fsrm, f16c, cet_ss
Processor Information for processor 0
  Max Mhz: 2000, Current Mhz: 1808, Mhz Limit: 2000
Processor Information for processor 1
  Max Mhz: 2000, Current Mhz: 1808, Mhz Limit: 2000
Processor Information for processor 2
  Max Mhz: 2000, Current Mhz: 1890, Mhz Limit: 2000
Processor Information for processor 3
  Max Mhz: 2000, Current Mhz: 1808, Mhz Limit: 2000
Processor Information for processor 4
  Max Mhz: 2000, Current Mhz: 1808, Mhz Limit: 2000
Processor Information for processor 5
  Max Mhz: 2000, Current Mhz: 1808, Mhz Limit: 2000
Processor Information for processor 6
  Max Mhz: 2000, Current Mhz: 1890, Mhz Limit: 2000
Processor Information for processor 7
  Max Mhz: 2000, Current Mhz: 1890, Mhz Limit: 2000
Processor Information for processor 8
  Max Mhz: 2000, Current Mhz: 1890, Mhz Limit: 2000
Processor Information for processor 9
  Max Mhz: 2000, Current Mhz: 1890, Mhz Limit: 2000
Processor Information for processor 10
  Max Mhz: 2000, Current Mhz: 1808, Mhz Limit: 2000
Processor Information for processor 11
  Max Mhz: 2000, Current Mhz: 1808, Mhz Limit: 2000

Memory: 4k page, system-wide physical 7559M (417M free)
TotalPageFile size 11655M (AvailPageFile size 7M)
current process WorkingSet (physical memory assigned to process): 121M, peak: 121M
current process commit charge ("private bytes"): 245M, peak: 246M

vm_info: OpenJDK 64-Bit Server VM (21.0.7+6-LTS) for windows-amd64 JRE (21.0.7+6-LTS), built on 2025-04-15T00:00:00Z by "admin" with MS VC++ 17.7 (VS2022)

END.
