#
# There is insufficient memory for the Java Runtime Environment to continue.
# Native memory allocation (malloc) failed to allocate 1158096 bytes. Error detail: Chunk::new
# Possible reasons:
#   The system is out of physical RAM or swap space
#   This process is running with CompressedOops enabled, and the Java Heap may be blocking the growth of the native heap
# Possible solutions:
#   Reduce memory load on the system
#   Increase physical memory or swap space
#   Check if swap backing store is full
#   Decrease Java heap size (-Xmx/-Xms)
#   Decrease number of Java threads
#   Decrease Java thread stack sizes (-Xss)
#   Set larger code cache with -XX:ReservedCodeCacheSize=
#   JVM is running with Unscaled Compressed Oops mode in which the Java heap is
#     placed in the first 4GB address space. The Java Heap base address is the
#     maximum limit for the native heap growth. Please use -XX:HeapBaseMinAddress
#     to set the Java Heap base and to place the Java Heap above 4GB virtual address.
# This output file may be truncated or incomplete.
#
#  Out of Memory Error (arena.cpp:168), pid=17580, tid=9632
#
# JRE version: OpenJDK Runtime Environment Temurin-21.0.7+6 (21.0.7+6) (build 21.0.7+6-LTS)
# Java VM: OpenJDK 64-Bit Server VM Temurin-21.0.7+6 (21.0.7+6-LTS, mixed mode, sharing, tiered, compressed oops, compressed class ptrs, g1 gc, windows-amd64)
# No core dump will be written. Minidumps are not enabled by default on client versions of Windows
#

---------------  S U M M A R Y ------------

Command Line: C:\Users\91750\AppData\Local\Temp\surefire14849395921739446805\surefirebooter-20250702002408781_3.jar C:\Users\91750\AppData\Local\Temp\surefire14849395921739446805 2025-07-02T00-24-08_386-jvmRun1 surefire-20250702002408781_1tmp surefire_0-20250702002408781_2tmp

Host: AMD Ryzen 5 7530U with Radeon Graphics         , 12 cores, 7G,  Windows 11 , 64 bit Build 26100 (10.0.26100.4484)
Time: Wed Jul  2 00:24:12 2025 India Standard Time elapsed time: 3.260139 seconds (0d 0h 0m 3s)

---------------  T H R E A D  ---------------

Current thread (0x000001c9aabe6aa0):  JavaThread "C2 CompilerThread0" daemon [_thread_in_native, id=9632, stack(0x00000069c2600000,0x00000069c2700000) (1024K)]


Current CompileTask:
C2:3260 2262   !   4       java.net.URL::<init> (543 bytes)

Stack: [0x00000069c2600000,0x00000069c2700000]
Native frames: (J=compiled Java code, j=interpreted, Vv=VM code, C=native code)
V  [jvm.dll+0x6ce119]
V  [jvm.dll+0x8a84a1]
V  [jvm.dll+0x8aa9ce]
V  [jvm.dll+0x8ab0b3]
V  [jvm.dll+0x27f8a6]
V  [jvm.dll+0xc507d]
V  [jvm.dll+0xc55b3]
V  [jvm.dll+0x3b692c]
V  [jvm.dll+0x382aa5]
V  [jvm.dll+0x381f0a]
V  [jvm.dll+0x247af0]
V  [jvm.dll+0x2470cf]
V  [jvm.dll+0x1c760e]
V  [jvm.dll+0x25695a]
V  [jvm.dll+0x254efa]
V  [jvm.dll+0x3f03f6]
V  [jvm.dll+0x851f6b]
V  [jvm.dll+0x6cc7dd]
C  [ucrtbase.dll+0x37b0]
C  [KERNEL32.DLL+0x2e8d7]
C  [ntdll.dll+0x3c34c]


---------------  P R O C E S S  ---------------

Threads class SMR info:
_java_thread_list=0x000001c9f12b6bd0, length=15, elements={
0x000001c9908316e0, 0x000001c9aabd7f60, 0x000001c9aabd96d0, 0x000001c9aabe2200,
0x000001c9aabe76c0, 0x000001c9aabf0f70, 0x000001c9aabf7af0, 0x000001c9aabe6aa0,
0x000001c9f00304a0, 0x000001c9aabf8180, 0x000001c9aabf6dd0, 0x000001c9aabf8810,
0x000001c9aabf8ea0, 0x000001c9f08435d0, 0x000001c9aabf60b0
}

Java Threads: ( => current thread )
  0x000001c9908316e0 JavaThread "main"                              [_thread_in_vm, id=14908, stack(0x00000069c1800000,0x00000069c1900000) (1024K)]
  0x000001c9aabd7f60 JavaThread "Reference Handler"          daemon [_thread_blocked, id=15368, stack(0x00000069c2000000,0x00000069c2100000) (1024K)]
  0x000001c9aabd96d0 JavaThread "Finalizer"                  daemon [_thread_blocked, id=9884, stack(0x00000069c2100000,0x00000069c2200000) (1024K)]
  0x000001c9aabe2200 JavaThread "Signal Dispatcher"          daemon [_thread_blocked, id=17532, stack(0x00000069c2200000,0x00000069c2300000) (1024K)]
  0x000001c9aabe76c0 JavaThread "Attach Listener"            daemon [_thread_blocked, id=17124, stack(0x00000069c2300000,0x00000069c2400000) (1024K)]
  0x000001c9aabf0f70 JavaThread "Service Thread"             daemon [_thread_blocked, id=17744, stack(0x00000069c2400000,0x00000069c2500000) (1024K)]
  0x000001c9aabf7af0 JavaThread "Monitor Deflation Thread"   daemon [_thread_blocked, id=15412, stack(0x00000069c2500000,0x00000069c2600000) (1024K)]
=>0x000001c9aabe6aa0 JavaThread "C2 CompilerThread0"         daemon [_thread_in_native, id=9632, stack(0x00000069c2600000,0x00000069c2700000) (1024K)]
  0x000001c9f00304a0 JavaThread "C1 CompilerThread0"         daemon [_thread_blocked, id=7332, stack(0x00000069c2700000,0x00000069c2800000) (1024K)]
  0x000001c9aabf8180 JavaThread "Notification Thread"        daemon [_thread_blocked, id=2696, stack(0x00000069c2800000,0x00000069c2900000) (1024K)]
  0x000001c9aabf6dd0 JavaThread "Common-Cleaner"             daemon [_thread_blocked, id=17856, stack(0x00000069c2900000,0x00000069c2a00000) (1024K)]
  0x000001c9aabf8810 JavaThread "surefire-forkedjvm-stream-flusher" daemon [_thread_blocked, id=18376, stack(0x00000069c2a00000,0x00000069c2b00000) (1024K)]
  0x000001c9aabf8ea0 JavaThread "surefire-forkedjvm-command-thread" daemon [_thread_in_native, id=18232, stack(0x00000069c2b00000,0x00000069c2c00000) (1024K)]
  0x000001c9f08435d0 JavaThread "C2 CompilerThread1"         daemon [_thread_in_native, id=13432, stack(0x00000069c2c00000,0x00000069c2d00000) (1024K)]
  0x000001c9aabf60b0 JavaThread "background-preinit"                [_thread_in_native, id=9340, stack(0x00000069c3600000,0x00000069c3700000) (1024K)]
Total: 15

Other Threads:
  0x000001c9aabc0360 VMThread "VM Thread"                           [id=8100, stack(0x00000069c1f00000,0x00000069c2000000) (1024K)]
  0x000001c9aabacbb0 WatcherThread "VM Periodic Task Thread"        [id=18348, stack(0x00000069c1e00000,0x00000069c1f00000) (1024K)]
  0x000001c992cedaa0 WorkerThread "GC Thread#0"                     [id=16652, stack(0x00000069c1900000,0x00000069c1a00000) (1024K)]
  0x000001c9f0e2b7c0 WorkerThread "GC Thread#1"                     [id=10852, stack(0x00000069c2d00000,0x00000069c2e00000) (1024K)]
  0x000001c9f0e2c2d0 WorkerThread "GC Thread#2"                     [id=14452, stack(0x00000069c2e00000,0x00000069c2f00000) (1024K)]
  0x000001c9f0cfb3a0 WorkerThread "GC Thread#3"                     [id=13852, stack(0x00000069c2f00000,0x00000069c3000000) (1024K)]
  0x000001c9f0e80dd0 WorkerThread "GC Thread#4"                     [id=12568, stack(0x00000069c3000000,0x00000069c3100000) (1024K)]
  0x000001c9f0e81170 WorkerThread "GC Thread#5"                     [id=9620, stack(0x00000069c3100000,0x00000069c3200000) (1024K)]
  0x000001c9f0e85d30 WorkerThread "GC Thread#6"                     [id=6328, stack(0x00000069c3200000,0x00000069c3300000) (1024K)]
  0x000001c9f0e860d0 WorkerThread "GC Thread#7"                     [id=5160, stack(0x00000069c3300000,0x00000069c3400000) (1024K)]
  0x000001c9f0e8e890 WorkerThread "GC Thread#8"                     [id=13060, stack(0x00000069c3400000,0x00000069c3500000) (1024K)]
  0x000001c9f1188320 WorkerThread "GC Thread#9"                     [id=2860, stack(0x00000069c3500000,0x00000069c3600000) (1024K)]
  0x000001c992cfe690 ConcurrentGCThread "G1 Main Marker"            [id=4772, stack(0x00000069c1a00000,0x00000069c1b00000) (1024K)]
  0x000001c992cffd00 WorkerThread "G1 Conc#0"                       [id=13760, stack(0x00000069c1b00000,0x00000069c1c00000) (1024K)]
  0x000001c9aaa7b0e0 ConcurrentGCThread "G1 Refine#0"               [id=15992, stack(0x00000069c1c00000,0x00000069c1d00000) (1024K)]
  0x000001c9aaa7c910 ConcurrentGCThread "G1 Service"                [id=11656, stack(0x00000069c1d00000,0x00000069c1e00000) (1024K)]
Total: 16

Threads with active compile tasks:
C2 CompilerThread0  3309 2262   !   4       java.net.URL::<init> (543 bytes)
C2 CompilerThread1  3309 2309       4       sun.util.locale.LocaleUtils::toLowerString (95 bytes)
Total: 2

VM state: not at safepoint (normal execution)

VM Mutex/Monitor currently owned by a thread: None

Heap address: 0x0000000089e00000, size: 1890 MB, Compressed Oops mode: 32-bit

CDS archive(s) mapped at: [0x000001c9ab000000-0x000001c9abc80000-0x000001c9abc80000), size 13107200, SharedBaseAddress: 0x000001c9ab000000, ArchiveRelocationMode: 1.
Compressed class space mapped at: 0x000001c9ac000000-0x000001c9ec000000, reserved size: 1073741824
Narrow klass base: 0x000001c9ab000000, Narrow klass shift: 0, Narrow klass range: 0x100000000

GC Precious Log:
 CardTable entry size: 512
 Card Set container configuration: InlinePtr #cards 5 size 8 Array Of Cards #cards 12 size 40 Howl #buckets 4 coarsen threshold 1843 Howl Bitmap #cards 512 size 80 coarsen threshold 460 Card regions per heap region 1 cards per card region 2048
 CPUs: 12 total, 12 available
 Memory: 7559M
 Large Page Support: Disabled
 NUMA Support: Disabled
 Compressed Oops: Enabled (32-bit)
 Heap Region Size: 1M
 Heap Min Capacity: 8M
 Heap Initial Capacity: 120M
 Heap Max Capacity: 1890M
 Pre-touch: Disabled
 Parallel Workers: 10
 Concurrent Workers: 3
 Concurrent Refinement Workers: 10
 Periodic GC: Disabled

Heap:
 garbage-first heap   total 122880K, used 33048K [0x0000000089e00000, 0x0000000100000000)
  region size 1024K, 25 young (25600K), 3 survivors (3072K)
 Metaspace       used 17954K, committed 18304K, reserved 1114112K
  class space    used 2288K, committed 2432K, reserved 1048576K

Heap Regions: E=young(eden), S=young(survivor), O=old, HS=humongous(starts), HC=humongous(continues), CS=collection set, F=free, TAMS=top-at-mark-start, PB=parsable bottom
|   0|0x0000000089e00000, 0x0000000089f00000, 0x0000000089f00000|100%|HS|  |TAMS 0x0000000089e00000| PB 0x0000000089e00000| Complete 
|   1|0x0000000089f00000, 0x000000008a000000, 0x000000008a000000|100%|HS|  |TAMS 0x0000000089f00000| PB 0x0000000089f00000| Complete 
|   2|0x000000008a000000, 0x000000008a100000, 0x000000008a100000|100%| O|  |TAMS 0x000000008a000000| PB 0x000000008a000000| Untracked 
|   3|0x000000008a100000, 0x000000008a200000, 0x000000008a200000|100%| O|  |TAMS 0x000000008a100000| PB 0x000000008a100000| Untracked 
|   4|0x000000008a200000, 0x000000008a300000, 0x000000008a300000|100%| O|  |TAMS 0x000000008a200000| PB 0x000000008a200000| Untracked 
|   5|0x000000008a300000, 0x000000008a400000, 0x000000008a400000|100%| O|  |TAMS 0x000000008a300000| PB 0x000000008a300000| Untracked 
|   6|0x000000008a400000, 0x000000008a500000, 0x000000008a500000|100%| O|  |TAMS 0x000000008a400000| PB 0x000000008a400000| Untracked 
|   7|0x000000008a500000, 0x000000008a600000, 0x000000008a600000|100%| O|  |TAMS 0x000000008a500000| PB 0x000000008a500000| Untracked 
|   8|0x000000008a600000, 0x000000008a6e0430, 0x000000008a700000| 87%| O|  |TAMS 0x000000008a600000| PB 0x000000008a600000| Untracked 
|   9|0x000000008a700000, 0x000000008a700000, 0x000000008a800000|  0%| F|  |TAMS 0x000000008a700000| PB 0x000000008a700000| Untracked 
|  10|0x000000008a800000, 0x000000008a800000, 0x000000008a900000|  0%| F|  |TAMS 0x000000008a800000| PB 0x000000008a800000| Untracked 
|  11|0x000000008a900000, 0x000000008a900000, 0x000000008aa00000|  0%| F|  |TAMS 0x000000008a900000| PB 0x000000008a900000| Untracked 
|  12|0x000000008aa00000, 0x000000008aa00000, 0x000000008ab00000|  0%| F|  |TAMS 0x000000008aa00000| PB 0x000000008aa00000| Untracked 
|  13|0x000000008ab00000, 0x000000008ab00000, 0x000000008ac00000|  0%| F|  |TAMS 0x000000008ab00000| PB 0x000000008ab00000| Untracked 
|  14|0x000000008ac00000, 0x000000008ac00000, 0x000000008ad00000|  0%| F|  |TAMS 0x000000008ac00000| PB 0x000000008ac00000| Untracked 
|  15|0x000000008ad00000, 0x000000008ad00000, 0x000000008ae00000|  0%| F|  |TAMS 0x000000008ad00000| PB 0x000000008ad00000| Untracked 
|  16|0x000000008ae00000, 0x000000008ae00000, 0x000000008af00000|  0%| F|  |TAMS 0x000000008ae00000| PB 0x000000008ae00000| Untracked 
|  17|0x000000008af00000, 0x000000008af00000, 0x000000008b000000|  0%| F|  |TAMS 0x000000008af00000| PB 0x000000008af00000| Untracked 
|  18|0x000000008b000000, 0x000000008b000000, 0x000000008b100000|  0%| F|  |TAMS 0x000000008b000000| PB 0x000000008b000000| Untracked 
|  19|0x000000008b100000, 0x000000008b100000, 0x000000008b200000|  0%| F|  |TAMS 0x000000008b100000| PB 0x000000008b100000| Untracked 
|  20|0x000000008b200000, 0x000000008b200000, 0x000000008b300000|  0%| F|  |TAMS 0x000000008b200000| PB 0x000000008b200000| Untracked 
|  21|0x000000008b300000, 0x000000008b300000, 0x000000008b400000|  0%| F|  |TAMS 0x000000008b300000| PB 0x000000008b300000| Untracked 
|  22|0x000000008b400000, 0x000000008b400000, 0x000000008b500000|  0%| F|  |TAMS 0x000000008b400000| PB 0x000000008b400000| Untracked 
|  23|0x000000008b500000, 0x000000008b500000, 0x000000008b600000|  0%| F|  |TAMS 0x000000008b500000| PB 0x000000008b500000| Untracked 
|  24|0x000000008b600000, 0x000000008b600000, 0x000000008b700000|  0%| F|  |TAMS 0x000000008b600000| PB 0x000000008b600000| Untracked 
|  25|0x000000008b700000, 0x000000008b700000, 0x000000008b800000|  0%| F|  |TAMS 0x000000008b700000| PB 0x000000008b700000| Untracked 
|  26|0x000000008b800000, 0x000000008b800000, 0x000000008b900000|  0%| F|  |TAMS 0x000000008b800000| PB 0x000000008b800000| Untracked 
|  27|0x000000008b900000, 0x000000008b900000, 0x000000008ba00000|  0%| F|  |TAMS 0x000000008b900000| PB 0x000000008b900000| Untracked 
|  28|0x000000008ba00000, 0x000000008ba00000, 0x000000008bb00000|  0%| F|  |TAMS 0x000000008ba00000| PB 0x000000008ba00000| Untracked 
|  29|0x000000008bb00000, 0x000000008bb00000, 0x000000008bc00000|  0%| F|  |TAMS 0x000000008bb00000| PB 0x000000008bb00000| Untracked 
|  30|0x000000008bc00000, 0x000000008bc00000, 0x000000008bd00000|  0%| F|  |TAMS 0x000000008bc00000| PB 0x000000008bc00000| Untracked 
|  31|0x000000008bd00000, 0x000000008bd00000, 0x000000008be00000|  0%| F|  |TAMS 0x000000008bd00000| PB 0x000000008bd00000| Untracked 
|  32|0x000000008be00000, 0x000000008be00000, 0x000000008bf00000|  0%| F|  |TAMS 0x000000008be00000| PB 0x000000008be00000| Untracked 
|  33|0x000000008bf00000, 0x000000008bf00000, 0x000000008c000000|  0%| F|  |TAMS 0x000000008bf00000| PB 0x000000008bf00000| Untracked 
|  34|0x000000008c000000, 0x000000008c000000, 0x000000008c100000|  0%| F|  |TAMS 0x000000008c000000| PB 0x000000008c000000| Untracked 
|  35|0x000000008c100000, 0x000000008c100000, 0x000000008c200000|  0%| F|  |TAMS 0x000000008c100000| PB 0x000000008c100000| Untracked 
|  36|0x000000008c200000, 0x000000008c200000, 0x000000008c300000|  0%| F|  |TAMS 0x000000008c200000| PB 0x000000008c200000| Untracked 
|  37|0x000000008c300000, 0x000000008c300000, 0x000000008c400000|  0%| F|  |TAMS 0x000000008c300000| PB 0x000000008c300000| Untracked 
|  38|0x000000008c400000, 0x000000008c400000, 0x000000008c500000|  0%| F|  |TAMS 0x000000008c400000| PB 0x000000008c400000| Untracked 
|  39|0x000000008c500000, 0x000000008c500000, 0x000000008c600000|  0%| F|  |TAMS 0x000000008c500000| PB 0x000000008c500000| Untracked 
|  40|0x000000008c600000, 0x000000008c600000, 0x000000008c700000|  0%| F|  |TAMS 0x000000008c600000| PB 0x000000008c600000| Untracked 
|  41|0x000000008c700000, 0x000000008c700000, 0x000000008c800000|  0%| F|  |TAMS 0x000000008c700000| PB 0x000000008c700000| Untracked 
|  42|0x000000008c800000, 0x000000008c800000, 0x000000008c900000|  0%| F|  |TAMS 0x000000008c800000| PB 0x000000008c800000| Untracked 
|  43|0x000000008c900000, 0x000000008c900000, 0x000000008ca00000|  0%| F|  |TAMS 0x000000008c900000| PB 0x000000008c900000| Untracked 
|  44|0x000000008ca00000, 0x000000008ca00000, 0x000000008cb00000|  0%| F|  |TAMS 0x000000008ca00000| PB 0x000000008ca00000| Untracked 
|  45|0x000000008cb00000, 0x000000008cb00000, 0x000000008cc00000|  0%| F|  |TAMS 0x000000008cb00000| PB 0x000000008cb00000| Untracked 
|  46|0x000000008cc00000, 0x000000008cc00000, 0x000000008cd00000|  0%| F|  |TAMS 0x000000008cc00000| PB 0x000000008cc00000| Untracked 
|  47|0x000000008cd00000, 0x000000008cd00000, 0x000000008ce00000|  0%| F|  |TAMS 0x000000008cd00000| PB 0x000000008cd00000| Untracked 
|  48|0x000000008ce00000, 0x000000008ce00000, 0x000000008cf00000|  0%| F|  |TAMS 0x000000008ce00000| PB 0x000000008ce00000| Untracked 
|  49|0x000000008cf00000, 0x000000008cf00000, 0x000000008d000000|  0%| F|  |TAMS 0x000000008cf00000| PB 0x000000008cf00000| Untracked 
|  50|0x000000008d000000, 0x000000008d000000, 0x000000008d100000|  0%| F|  |TAMS 0x000000008d000000| PB 0x000000008d000000| Untracked 
|  51|0x000000008d100000, 0x000000008d100000, 0x000000008d200000|  0%| F|  |TAMS 0x000000008d100000| PB 0x000000008d100000| Untracked 
|  52|0x000000008d200000, 0x000000008d200000, 0x000000008d300000|  0%| F|  |TAMS 0x000000008d200000| PB 0x000000008d200000| Untracked 
|  53|0x000000008d300000, 0x000000008d300000, 0x000000008d400000|  0%| F|  |TAMS 0x000000008d300000| PB 0x000000008d300000| Untracked 
|  54|0x000000008d400000, 0x000000008d400000, 0x000000008d500000|  0%| F|  |TAMS 0x000000008d400000| PB 0x000000008d400000| Untracked 
|  55|0x000000008d500000, 0x000000008d500000, 0x000000008d600000|  0%| F|  |TAMS 0x000000008d500000| PB 0x000000008d500000| Untracked 
|  56|0x000000008d600000, 0x000000008d600000, 0x000000008d700000|  0%| F|  |TAMS 0x000000008d600000| PB 0x000000008d600000| Untracked 
|  57|0x000000008d700000, 0x000000008d700000, 0x000000008d800000|  0%| F|  |TAMS 0x000000008d700000| PB 0x000000008d700000| Untracked 
|  58|0x000000008d800000, 0x000000008d800000, 0x000000008d900000|  0%| F|  |TAMS 0x000000008d800000| PB 0x000000008d800000| Untracked 
|  59|0x000000008d900000, 0x000000008d900000, 0x000000008da00000|  0%| F|  |TAMS 0x000000008d900000| PB 0x000000008d900000| Untracked 
|  60|0x000000008da00000, 0x000000008da00000, 0x000000008db00000|  0%| F|  |TAMS 0x000000008da00000| PB 0x000000008da00000| Untracked 
|  61|0x000000008db00000, 0x000000008db00000, 0x000000008dc00000|  0%| F|  |TAMS 0x000000008db00000| PB 0x000000008db00000| Untracked 
|  62|0x000000008dc00000, 0x000000008dc00000, 0x000000008dd00000|  0%| F|  |TAMS 0x000000008dc00000| PB 0x000000008dc00000| Untracked 
|  63|0x000000008dd00000, 0x000000008dd00000, 0x000000008de00000|  0%| F|  |TAMS 0x000000008dd00000| PB 0x000000008dd00000| Untracked 
|  64|0x000000008de00000, 0x000000008de00000, 0x000000008df00000|  0%| F|  |TAMS 0x000000008de00000| PB 0x000000008de00000| Untracked 
|  65|0x000000008df00000, 0x000000008df00000, 0x000000008e000000|  0%| F|  |TAMS 0x000000008df00000| PB 0x000000008df00000| Untracked 
|  66|0x000000008e000000, 0x000000008e000000, 0x000000008e100000|  0%| F|  |TAMS 0x000000008e000000| PB 0x000000008e000000| Untracked 
|  67|0x000000008e100000, 0x000000008e100000, 0x000000008e200000|  0%| F|  |TAMS 0x000000008e100000| PB 0x000000008e100000| Untracked 
|  68|0x000000008e200000, 0x000000008e200000, 0x000000008e300000|  0%| F|  |TAMS 0x000000008e200000| PB 0x000000008e200000| Untracked 
|  69|0x000000008e300000, 0x000000008e300000, 0x000000008e400000|  0%| F|  |TAMS 0x000000008e300000| PB 0x000000008e300000| Untracked 
|  70|0x000000008e400000, 0x000000008e400000, 0x000000008e500000|  0%| F|  |TAMS 0x000000008e400000| PB 0x000000008e400000| Untracked 
|  71|0x000000008e500000, 0x000000008e500000, 0x000000008e600000|  0%| F|  |TAMS 0x000000008e500000| PB 0x000000008e500000| Untracked 
|  72|0x000000008e600000, 0x000000008e600000, 0x000000008e700000|  0%| F|  |TAMS 0x000000008e600000| PB 0x000000008e600000| Untracked 
|  73|0x000000008e700000, 0x000000008e700000, 0x000000008e800000|  0%| F|  |TAMS 0x000000008e700000| PB 0x000000008e700000| Untracked 
|  74|0x000000008e800000, 0x000000008e800000, 0x000000008e900000|  0%| F|  |TAMS 0x000000008e800000| PB 0x000000008e800000| Untracked 
|  75|0x000000008e900000, 0x000000008e900000, 0x000000008ea00000|  0%| F|  |TAMS 0x000000008e900000| PB 0x000000008e900000| Untracked 
|  76|0x000000008ea00000, 0x000000008ea00000, 0x000000008eb00000|  0%| F|  |TAMS 0x000000008ea00000| PB 0x000000008ea00000| Untracked 
|  77|0x000000008eb00000, 0x000000008eb00000, 0x000000008ec00000|  0%| F|  |TAMS 0x000000008eb00000| PB 0x000000008eb00000| Untracked 
|  78|0x000000008ec00000, 0x000000008ec00000, 0x000000008ed00000|  0%| F|  |TAMS 0x000000008ec00000| PB 0x000000008ec00000| Untracked 
|  79|0x000000008ed00000, 0x000000008ed00000, 0x000000008ee00000|  0%| F|  |TAMS 0x000000008ed00000| PB 0x000000008ed00000| Untracked 
|  80|0x000000008ee00000, 0x000000008ee00000, 0x000000008ef00000|  0%| F|  |TAMS 0x000000008ee00000| PB 0x000000008ee00000| Untracked 
|  81|0x000000008ef00000, 0x000000008ef00000, 0x000000008f000000|  0%| F|  |TAMS 0x000000008ef00000| PB 0x000000008ef00000| Untracked 
|  82|0x000000008f000000, 0x000000008f000000, 0x000000008f100000|  0%| F|  |TAMS 0x000000008f000000| PB 0x000000008f000000| Untracked 
|  83|0x000000008f100000, 0x000000008f100000, 0x000000008f200000|  0%| F|  |TAMS 0x000000008f100000| PB 0x000000008f100000| Untracked 
|  84|0x000000008f200000, 0x000000008f200000, 0x000000008f300000|  0%| F|  |TAMS 0x000000008f200000| PB 0x000000008f200000| Untracked 
|  85|0x000000008f300000, 0x000000008f300000, 0x000000008f400000|  0%| F|  |TAMS 0x000000008f300000| PB 0x000000008f300000| Untracked 
|  86|0x000000008f400000, 0x000000008f400000, 0x000000008f500000|  0%| F|  |TAMS 0x000000008f400000| PB 0x000000008f400000| Untracked 
|  87|0x000000008f500000, 0x000000008f500000, 0x000000008f600000|  0%| F|  |TAMS 0x000000008f500000| PB 0x000000008f500000| Untracked 
|  88|0x000000008f600000, 0x000000008f600000, 0x000000008f700000|  0%| F|  |TAMS 0x000000008f600000| PB 0x000000008f600000| Untracked 
|  89|0x000000008f700000, 0x000000008f765e20, 0x000000008f800000| 39%| S|CS|TAMS 0x000000008f700000| PB 0x000000008f700000| Complete 
|  90|0x000000008f800000, 0x000000008f900000, 0x000000008f900000|100%| S|CS|TAMS 0x000000008f800000| PB 0x000000008f800000| Complete 
|  91|0x000000008f900000, 0x000000008fa00000, 0x000000008fa00000|100%| S|CS|TAMS 0x000000008f900000| PB 0x000000008f900000| Complete 
|  92|0x000000008fa00000, 0x000000008fa00000, 0x000000008fb00000|  0%| F|  |TAMS 0x000000008fa00000| PB 0x000000008fa00000| Untracked 
|  93|0x000000008fb00000, 0x000000008fb00000, 0x000000008fc00000|  0%| F|  |TAMS 0x000000008fb00000| PB 0x000000008fb00000| Untracked 
|  94|0x000000008fc00000, 0x000000008fc00000, 0x000000008fd00000|  0%| F|  |TAMS 0x000000008fc00000| PB 0x000000008fc00000| Untracked 
|  95|0x000000008fd00000, 0x000000008fd00000, 0x000000008fe00000|  0%| F|  |TAMS 0x000000008fd00000| PB 0x000000008fd00000| Untracked 
|  96|0x000000008fe00000, 0x000000008fe00000, 0x000000008ff00000|  0%| F|  |TAMS 0x000000008fe00000| PB 0x000000008fe00000| Untracked 
|  97|0x000000008ff00000, 0x000000008ff497d0, 0x0000000090000000| 28%| E|  |TAMS 0x000000008ff00000| PB 0x000000008ff00000| Complete 
|  98|0x0000000090000000, 0x0000000090100000, 0x0000000090100000|100%| E|CS|TAMS 0x0000000090000000| PB 0x0000000090000000| Complete 
|  99|0x0000000090100000, 0x0000000090200000, 0x0000000090200000|100%| E|CS|TAMS 0x0000000090100000| PB 0x0000000090100000| Complete 
| 100|0x0000000090200000, 0x0000000090300000, 0x0000000090300000|100%| E|CS|TAMS 0x0000000090200000| PB 0x0000000090200000| Complete 
| 101|0x0000000090300000, 0x0000000090400000, 0x0000000090400000|100%| E|CS|TAMS 0x0000000090300000| PB 0x0000000090300000| Complete 
| 102|0x0000000090400000, 0x0000000090500000, 0x0000000090500000|100%| E|CS|TAMS 0x0000000090400000| PB 0x0000000090400000| Complete 
| 103|0x0000000090500000, 0x0000000090600000, 0x0000000090600000|100%| E|CS|TAMS 0x0000000090500000| PB 0x0000000090500000| Complete 
| 104|0x0000000090600000, 0x0000000090700000, 0x0000000090700000|100%| E|CS|TAMS 0x0000000090600000| PB 0x0000000090600000| Complete 
| 105|0x0000000090700000, 0x0000000090800000, 0x0000000090800000|100%| E|CS|TAMS 0x0000000090700000| PB 0x0000000090700000| Complete 
| 106|0x0000000090800000, 0x0000000090900000, 0x0000000090900000|100%| E|CS|TAMS 0x0000000090800000| PB 0x0000000090800000| Complete 
| 107|0x0000000090900000, 0x0000000090a00000, 0x0000000090a00000|100%| E|CS|TAMS 0x0000000090900000| PB 0x0000000090900000| Complete 
| 108|0x0000000090a00000, 0x0000000090b00000, 0x0000000090b00000|100%| E|CS|TAMS 0x0000000090a00000| PB 0x0000000090a00000| Complete 
| 109|0x0000000090b00000, 0x0000000090c00000, 0x0000000090c00000|100%| E|CS|TAMS 0x0000000090b00000| PB 0x0000000090b00000| Complete 
| 110|0x0000000090c00000, 0x0000000090d00000, 0x0000000090d00000|100%| E|CS|TAMS 0x0000000090c00000| PB 0x0000000090c00000| Complete 
| 111|0x0000000090d00000, 0x0000000090e00000, 0x0000000090e00000|100%| E|CS|TAMS 0x0000000090d00000| PB 0x0000000090d00000| Complete 
| 112|0x0000000090e00000, 0x0000000090f00000, 0x0000000090f00000|100%| E|CS|TAMS 0x0000000090e00000| PB 0x0000000090e00000| Complete 
| 113|0x0000000090f00000, 0x0000000091000000, 0x0000000091000000|100%| E|CS|TAMS 0x0000000090f00000| PB 0x0000000090f00000| Complete 
| 114|0x0000000091000000, 0x0000000091100000, 0x0000000091100000|100%| E|CS|TAMS 0x0000000091000000| PB 0x0000000091000000| Complete 
| 115|0x0000000091100000, 0x0000000091200000, 0x0000000091200000|100%| E|CS|TAMS 0x0000000091100000| PB 0x0000000091100000| Complete 
| 116|0x0000000091200000, 0x0000000091300000, 0x0000000091300000|100%| E|CS|TAMS 0x0000000091200000| PB 0x0000000091200000| Complete 
| 117|0x0000000091300000, 0x0000000091400000, 0x0000000091400000|100%| E|CS|TAMS 0x0000000091300000| PB 0x0000000091300000| Complete 
| 118|0x0000000091400000, 0x0000000091500000, 0x0000000091500000|100%| E|CS|TAMS 0x0000000091400000| PB 0x0000000091400000| Complete 
| 119|0x0000000091500000, 0x0000000091600000, 0x0000000091600000|100%| E|CS|TAMS 0x0000000091500000| PB 0x0000000091500000| Complete 

Card table byte_map: [0x000001c9a5f20000,0x000001c9a62e0000] _byte_map_base: 0x000001c9a5ad1000

Marking Bits: (CMBitMap*) 0x000001c992cee1a0
 Bits: [0x000001c9a62e0000, 0x000001c9a8068000)

Polling page: 0x000001c990cd0000

Metaspace:

Usage:
  Non-class:     15.51 MB used.
      Class:      2.26 MB used.
       Both:     17.77 MB used.

Virtual space:
  Non-class space:       64.00 MB reserved,      15.69 MB ( 25%) committed,  1 nodes.
      Class space:        1.00 GB reserved,       2.44 MB ( <1%) committed,  1 nodes.
             Both:        1.06 GB reserved,      18.12 MB (  2%) committed. 

Chunk freelists:
   Non-Class:  15.94 MB
       Class:  13.61 MB
        Both:  29.55 MB

MaxMetaspaceSize: unlimited
CompressedClassSpaceSize: 1.00 GB
Initial GC threshold: 21.00 MB
Current GC threshold: 21.00 MB
CDS: on
 - commit_granule_bytes: 65536.
 - commit_granule_words: 8192.
 - virtual_space_node_default_size: 8388608.
 - enlarge_chunks_in_place: 1.
 - use_allocation_guard: 0.


Internal statistics:

num_allocs_failed_limit: 0.
num_arena_births: 398.
num_arena_deaths: 0.
num_vsnodes_births: 2.
num_vsnodes_deaths: 0.
num_space_committed: 290.
num_space_uncommitted: 0.
num_chunks_returned_to_freelist: 0.
num_chunks_taken_from_freelist: 1068.
num_chunk_merges: 0.
num_chunk_splits: 678.
num_chunks_enlarged: 449.
num_inconsistent_stats: 0.

CodeHeap 'non-profiled nmethods': size=120000Kb used=972Kb max_used=972Kb free=119027Kb
 bounds [0x000001c99e0e0000, 0x000001c99e350000, 0x000001c9a5610000]
CodeHeap 'profiled nmethods': size=120000Kb used=4302Kb max_used=4302Kb free=115697Kb
 bounds [0x000001c996610000, 0x000001c996a50000, 0x000001c99db40000]
CodeHeap 'non-nmethods': size=5760Kb used=1430Kb max_used=1485Kb free=4329Kb
 bounds [0x000001c99db40000, 0x000001c99ddb0000, 0x000001c99e0e0000]
 total_blobs=2843 nmethods=2325 adapters=422
 compilation: enabled
              stopped_count=0, restarted_count=0
 full_count=0

Compilation events (20 events):
Event: 3.129 Thread 0x000001c9f00304a0 nmethod 2293 0x000001c996a2e690 code [0x000001c996a2e840, 0x000001c996a2eb28]
Event: 3.132 Thread 0x000001c9f00304a0 2296       3       org.springframework.util.ConcurrentReferenceHashMap$ReferenceManager::createReference (43 bytes)
Event: 3.132 Thread 0x000001c9f00304a0 nmethod 2296 0x000001c996a2ec10 code [0x000001c996a2ee00, 0x000001c996a2f368]
Event: 3.132 Thread 0x000001c9f00304a0 2297       3       org.springframework.util.ConcurrentReferenceHashMap$SoftEntryReference::<init> (18 bytes)
Event: 3.133 Thread 0x000001c9f00304a0 nmethod 2297 0x000001c996a2f590 code [0x000001c996a2f760, 0x000001c996a2faf8]
Event: 3.168 Thread 0x000001c9f00304a0 2300       3       org.springframework.core.ResolvableType::getGenerics (197 bytes)
Event: 3.169 Thread 0x000001c9f00304a0 nmethod 2300 0x000001c996a2fc10 code [0x000001c996a2ff40, 0x000001c996a31860]
Event: 3.175 Thread 0x000001c9f00304a0 2301       1       sun.reflect.generics.repository.AbstractRepository::getFactory (5 bytes)
Event: 3.175 Thread 0x000001c9f00304a0 nmethod 2301 0x000001c99e1ce710 code [0x000001c99e1ce8a0, 0x000001c99e1ce968]
Event: 3.177 Thread 0x000001c9f00304a0 2302       1       java.lang.invoke.MethodHandle::isInvokeSpecial (2 bytes)
Event: 3.178 Thread 0x000001c9f00304a0 nmethod 2302 0x000001c99e1cea10 code [0x000001c99e1ceba0, 0x000001c99e1cec68]
Event: 3.181 Thread 0x000001c9f00304a0 2303       3       org.springframework.util.ConcurrentReferenceHashMap::put (32 bytes)
Event: 3.181 Thread 0x000001c9f08435d0 nmethod 2287 0x000001c99e1ced10 code [0x000001c99e1cefa0, 0x000001c99e1d0488]
Event: 3.181 Thread 0x000001c9f00304a0 nmethod 2303 0x000001c996a31e90 code [0x000001c996a32080, 0x000001c996a32758]
Event: 3.183 Thread 0x000001c9f08435d0 2299       4       java.lang.String::startsWith (123 bytes)
Event: 3.185 Thread 0x000001c9f00304a0 2304       3       java.lang.System::checkKey (34 bytes)
Event: 3.185 Thread 0x000001c9f00304a0 nmethod 2304 0x000001c996a32990 code [0x000001c996a32b80, 0x000001c996a32f28]
Event: 3.189 Thread 0x000001c9f08435d0 nmethod 2299 0x000001c99e1d0d90 code [0x000001c99e1d0f40, 0x000001c99e1d1250]
Event: 3.189 Thread 0x000001c9f08435d0 2298       4       java.lang.invoke.MemberName::initResolved (53 bytes)
Event: 3.191 Thread 0x000001c9f08435d0 nmethod 2298 0x000001c99e1d1490 code [0x000001c99e1d1620, 0x000001c99e1d1700]

GC Heap History (4 events):
Event: 1.537 GC heap before
{Heap before GC invocations=0 (full 0):
 garbage-first heap   total 122880K, used 24576K [0x0000000089e00000, 0x0000000100000000)
  region size 1024K, 23 young (23552K), 0 survivors (0K)
 Metaspace       used 5509K, committed 5696K, reserved 1114112K
  class space    used 619K, committed 704K, reserved 1048576K
}
Event: 1.552 GC heap after
{Heap after GC invocations=1 (full 0):
 garbage-first heap   total 122880K, used 9008K [0x0000000089e00000, 0x0000000100000000)
  region size 1024K, 3 young (3072K), 3 survivors (3072K)
 Metaspace       used 5509K, committed 5696K, reserved 1114112K
  class space    used 619K, committed 704K, reserved 1048576K
}
Event: 2.566 GC heap before
{Heap before GC invocations=1 (full 0):
 garbage-first heap   total 122880K, used 34608K [0x0000000089e00000, 0x0000000100000000)
  region size 1024K, 28 young (28672K), 3 survivors (3072K)
 Metaspace       used 12337K, committed 12608K, reserved 1114112K
  class space    used 1544K, committed 1664K, reserved 1048576K
}
Event: 2.579 GC heap after
{Heap after GC invocations=2 (full 0):
 garbage-first heap   total 122880K, used 11544K [0x0000000089e00000, 0x0000000100000000)
  region size 1024K, 3 young (3072K), 3 survivors (3072K)
 Metaspace       used 12337K, committed 12608K, reserved 1114112K
  class space    used 1544K, committed 1664K, reserved 1048576K
}

Dll operation events (8 events):
Event: 0.018 Loaded shared library C:\Users\91750\.p2\pool\plugins\org.eclipse.justj.openjdk.hotspot.jre.full.win32.x86_64_21.0.7.v20250502-0916\jre\bin\java.dll
Event: 0.095 Loaded shared library C:\Users\91750\.p2\pool\plugins\org.eclipse.justj.openjdk.hotspot.jre.full.win32.x86_64_21.0.7.v20250502-0916\jre\bin\net.dll
Event: 0.101 Loaded shared library C:\Users\91750\.p2\pool\plugins\org.eclipse.justj.openjdk.hotspot.jre.full.win32.x86_64_21.0.7.v20250502-0916\jre\bin\nio.dll
Event: 0.107 Loaded shared library C:\Users\91750\.p2\pool\plugins\org.eclipse.justj.openjdk.hotspot.jre.full.win32.x86_64_21.0.7.v20250502-0916\jre\bin\zip.dll
Event: 0.113 Loaded shared library C:\Users\91750\.p2\pool\plugins\org.eclipse.justj.openjdk.hotspot.jre.full.win32.x86_64_21.0.7.v20250502-0916\jre\bin\zip.dll
Event: 0.221 Loaded shared library C:\Users\91750\.p2\pool\plugins\org.eclipse.justj.openjdk.hotspot.jre.full.win32.x86_64_21.0.7.v20250502-0916\jre\bin\management.dll
Event: 0.230 Loaded shared library C:\Users\91750\.p2\pool\plugins\org.eclipse.justj.openjdk.hotspot.jre.full.win32.x86_64_21.0.7.v20250502-0916\jre\bin\management_ext.dll
Event: 0.262 Loaded shared library C:\Users\91750\.p2\pool\plugins\org.eclipse.justj.openjdk.hotspot.jre.full.win32.x86_64_21.0.7.v20250502-0916\jre\bin\jimage.dll

Deoptimization events (20 events):
Event: 2.838 Thread 0x000001c9908316e0 Uncommon trap: trap_request=0xffffffde fr.pc=0x000001c99e16ad88 relative=0x00000000000007e8
Event: 2.838 Thread 0x000001c9908316e0 Uncommon trap: reason=class_check action=maybe_recompile pc=0x000001c99e16ad88 method=java.util.HashMap.putVal(ILjava/lang/Object;Ljava/lang/Object;ZZ)Ljava/lang/Object; @ 203 c2
Event: 2.838 Thread 0x000001c9908316e0 DEOPT PACKING pc=0x000001c99e16ad88 sp=0x00000069c18fad90
Event: 2.838 Thread 0x000001c9908316e0 DEOPT UNPACKING pc=0x000001c99db946a2 sp=0x00000069c18fad10 mode 2
Event: 2.910 Thread 0x000001c9908316e0 Uncommon trap: trap_request=0xffffffde fr.pc=0x000001c99e16ad88 relative=0x00000000000007e8
Event: 2.910 Thread 0x000001c9908316e0 Uncommon trap: reason=class_check action=maybe_recompile pc=0x000001c99e16ad88 method=java.util.HashMap.putVal(ILjava/lang/Object;Ljava/lang/Object;ZZ)Ljava/lang/Object; @ 203 c2
Event: 2.910 Thread 0x000001c9908316e0 DEOPT PACKING pc=0x000001c99e16ad88 sp=0x00000069c18fae30
Event: 2.910 Thread 0x000001c9908316e0 DEOPT UNPACKING pc=0x000001c99db946a2 sp=0x00000069c18fadb0 mode 2
Event: 2.911 Thread 0x000001c9908316e0 Uncommon trap: trap_request=0xffffffde fr.pc=0x000001c99e16ad88 relative=0x00000000000007e8
Event: 2.911 Thread 0x000001c9908316e0 Uncommon trap: reason=class_check action=maybe_recompile pc=0x000001c99e16ad88 method=java.util.HashMap.putVal(ILjava/lang/Object;Ljava/lang/Object;ZZ)Ljava/lang/Object; @ 203 c2
Event: 2.911 Thread 0x000001c9908316e0 DEOPT PACKING pc=0x000001c99e16ad88 sp=0x00000069c18faf20
Event: 2.911 Thread 0x000001c9908316e0 DEOPT UNPACKING pc=0x000001c99db946a2 sp=0x00000069c18faea0 mode 2
Event: 3.048 Thread 0x000001c9908316e0 Uncommon trap: trap_request=0xffffff45 fr.pc=0x000001c99e1ab318 relative=0x0000000000000518
Event: 3.048 Thread 0x000001c9908316e0 Uncommon trap: reason=unstable_if action=reinterpret pc=0x000001c99e1ab318 method=jdk.internal.org.objectweb.asm.MethodWriter.visitVarInsn(II)V @ 108 c2
Event: 3.048 Thread 0x000001c9908316e0 DEOPT PACKING pc=0x000001c99e1ab318 sp=0x00000069c18f4090
Event: 3.048 Thread 0x000001c9908316e0 DEOPT UNPACKING pc=0x000001c99db946a2 sp=0x00000069c18f4048 mode 2
Event: 3.050 Thread 0x000001c9908316e0 Uncommon trap: trap_request=0xffffff45 fr.pc=0x000001c99e1c1c14 relative=0x00000000000066b4
Event: 3.050 Thread 0x000001c9908316e0 Uncommon trap: reason=unstable_if action=reinterpret pc=0x000001c99e1c1c14 method=java.lang.invoke.MethodType.methodType(Ljava/lang/Class;[Ljava/lang/Class;Z)Ljava/lang/invoke/MethodType; @ 53 c2
Event: 3.050 Thread 0x000001c9908316e0 DEOPT PACKING pc=0x000001c99e1c1c14 sp=0x00000069c18f9e80
Event: 3.050 Thread 0x000001c9908316e0 DEOPT UNPACKING pc=0x000001c99db946a2 sp=0x00000069c18f9ea0 mode 2

Classes loaded (20 events):
Event: 3.095 Loading class com/sun/org/apache/xalan/internal/utils/XMLSecurityPropertyManager$Property
Event: 3.095 Loading class com/sun/org/apache/xalan/internal/utils/XMLSecurityPropertyManager$Property done
Event: 3.095 Loading class jdk/xml/internal/XMLSecurityManager
Event: 3.095 Loading class jdk/xml/internal/XMLSecurityManager done
Event: 3.096 Loading class jdk/xml/internal/XMLSecurityManager$Limit
Event: 3.096 Loading class jdk/xml/internal/XMLSecurityManager$Limit done
Event: 3.096 Loading class jdk/xml/internal/XMLSecurityManager$Processor
Event: 3.096 Loading class jdk/xml/internal/XMLSecurityManager$Processor done
Event: 3.096 Loading class jdk/xml/internal/XMLSecurityManager$NameMap
Event: 3.097 Loading class jdk/xml/internal/XMLSecurityManager$NameMap done
Event: 3.097 Loading class jdk/xml/internal/JdkProperty
Event: 3.097 Loading class jdk/xml/internal/JdkProperty done
Event: 3.114 Loading class java/io/NotSerializableException
Event: 3.114 Loading class java/io/ObjectStreamException
Event: 3.114 Loading class java/io/ObjectStreamException done
Event: 3.114 Loading class java/io/NotSerializableException done
Event: 3.117 Loading class java/util/concurrent/CompletionException
Event: 3.117 Loading class java/util/concurrent/CompletionException done
Event: 3.184 Loading class java/lang/StackTraceElement$HashedModules
Event: 3.184 Loading class java/lang/StackTraceElement$HashedModules done

Classes unloaded (0 events):
No events

Classes redefined (0 events):
No events

Internal exceptions (20 events):
Event: 2.796 Thread 0x000001c9908316e0 Exception <a 'java/lang/NoSuchMethodError'{0x0000000091047e30}: 'java.lang.Object java.lang.invoke.DirectMethodHandle$Holder.invokeStaticInit(java.lang.Object, java.lang.Object, java.lang.Object, java.lang.Object, java.lang.Object, java.lang.Object, java.lang.Object)'> (0x0000000091047e30) 
thrown [s\src\hotspot\share\interpreter\linkResolver.cpp, line 773]
Event: 2.798 Thread 0x000001c9908316e0 Exception <a 'java/lang/NoSuchMethodError'{0x00000000910511e8}: 'java.lang.Object java.lang.invoke.Invokers$Holder.invoke_MT(java.lang.Object, java.lang.Object, java.lang.Object, java.lang.Object, java.lang.Object, java.lang.Object, java.lang.Object, java.lang.Object, java.lang.Object, java.lang.Object)'> (0x00000000910511e8) 
thrown [s\src\hotspot\share\interpreter\linkResolver.cpp, line 773]
Event: 2.801 Thread 0x000001c9908316e0 Exception <a 'java/lang/NoSuchMethodError'{0x0000000091065ed0}: 'void java.lang.invoke.DelegatingMethodHandle$Holder.delegate(java.lang.Object, java.lang.Object, int, java.lang.Object)'> (0x0000000091065ed0) 
thrown [s\src\hotspot\share\interpreter\linkResolver.cpp, line 773]
Event: 2.806 Thread 0x000001c9908316e0 Exception <a 'java/lang/NoSuchMethodError'{0x0000000091085ba8}: 'int java.lang.invoke.DirectMethodHandle$Holder.invokeStaticInit(java.lang.Object, int, int)'> (0x0000000091085ba8) 
thrown [s\src\hotspot\share\interpreter\linkResolver.cpp, line 773]
Event: 2.807 Thread 0x000001c9908316e0 Exception <a 'java/lang/NoSuchMethodError'{0x000000009108d828}: 'int java.lang.invoke.DirectMethodHandle$Holder.invokeStaticInit(java.lang.Object, long, long)'> (0x000000009108d828) 
thrown [s\src\hotspot\share\interpreter\linkResolver.cpp, line 773]
Event: 2.807 Thread 0x000001c9908316e0 Exception <a 'java/lang/NoSuchMethodError'{0x00000000910949d0}: 'int java.lang.invoke.DirectMethodHandle$Holder.invokeStaticInit(java.lang.Object, float, float)'> (0x00000000910949d0) 
thrown [s\src\hotspot\share\interpreter\linkResolver.cpp, line 773]
Event: 2.808 Thread 0x000001c9908316e0 Exception <a 'java/lang/NoSuchMethodError'{0x000000009109bb70}: 'int java.lang.invoke.DirectMethodHandle$Holder.invokeStaticInit(java.lang.Object, double, double)'> (0x000000009109bb70) 
thrown [s\src\hotspot\share\interpreter\linkResolver.cpp, line 773]
Event: 2.808 Thread 0x000001c9908316e0 Exception <a 'java/lang/NoSuchMethodError'{0x00000000910a0778}: 'int java.lang.invoke.DirectMethodHandle$Holder.invokeStatic(java.lang.Object, long)'> (0x00000000910a0778) 
thrown [s\src\hotspot\share\interpreter\linkResolver.cpp, line 773]
Event: 2.814 Thread 0x000001c9908316e0 Exception <a 'java/lang/NoSuchMethodError'{0x00000000910c2828}: 'int java.lang.invoke.Invokers$Holder.linkToTargetMethod(java.lang.Object, java.lang.Object)'> (0x00000000910c2828) 
thrown [s\src\hotspot\share\interpreter\linkResolver.cpp, line 773]
Event: 2.831 Thread 0x000001c9908316e0 Exception <a 'java/lang/NoSuchMethodError'{0x0000000090f38de8}: 'java.lang.Object java.lang.invoke.DirectMethodHandle$Holder.invokeSpecial(java.lang.Object, java.lang.Object, java.lang.Object, int, java.lang.Object)'> (0x0000000090f38de8) 
thrown [s\src\hotspot\share\interpreter\linkResolver.cpp, line 773]
Event: 2.832 Thread 0x000001c9908316e0 Exception <a 'java/lang/NoSuchMethodError'{0x0000000090f40768}: 'java.lang.Object java.lang.invoke.DirectMethodHandle$Holder.newInvokeSpecial(java.lang.Object, java.lang.Object, java.lang.Object, int, java.lang.Object)'> (0x0000000090f40768) 
thrown [s\src\hotspot\share\interpreter\linkResolver.cpp, line 773]
Event: 2.833 Thread 0x000001c9908316e0 Exception <a 'java/lang/NoSuchMethodError'{0x0000000090f480a0}: 'java.lang.Object java.lang.invoke.Invokers$Holder.linkToTargetMethod(java.lang.Object, java.lang.Object, int, java.lang.Object, java.lang.Object)'> (0x0000000090f480a0) 
thrown [s\src\hotspot\share\interpreter\linkResolver.cpp, line 773]
Event: 2.835 Thread 0x000001c9908316e0 Exception <a 'java/lang/NoSuchMethodError'{0x0000000090f56d30}: 'java.lang.Object java.lang.invoke.DirectMethodHandle$Holder.newInvokeSpecial(java.lang.Object, int, java.lang.Object)'> (0x0000000090f56d30) 
thrown [s\src\hotspot\share\interpreter\linkResolver.cpp, line 773]
Event: 2.899 Thread 0x000001c9908316e0 Exception <a 'java/lang/NoSuchMethodError'{0x0000000090ec43f8}: 'java.lang.Object java.lang.invoke.DirectMethodHandle$Holder.invokeStatic(java.lang.Object, int, java.lang.Object)'> (0x0000000090ec43f8) 
thrown [s\src\hotspot\share\interpreter\linkResolver.cpp, line 773]
Event: 2.899 Thread 0x000001c9908316e0 Exception <a 'java/lang/NoSuchMethodError'{0x0000000090ec8268}: 'java.lang.Object java.lang.invoke.DirectMethodHandle$Holder.invokeStaticInit(java.lang.Object, int, java.lang.Object)'> (0x0000000090ec8268) 
thrown [s\src\hotspot\share\interpreter\linkResolver.cpp, line 773]
Event: 3.041 Thread 0x000001c9aabf60b0 Exception <a 'java/lang/NoClassDefFoundError'{0x0000000090a11d18}: jakarta/validation/Validation> (0x0000000090a11d18) 
thrown [s\src\hotspot\share\classfile\systemDictionary.cpp, line 301]
Event: 3.042 Thread 0x000001c9908316e0 Exception <a 'java/lang/NoSuchMethodError'{0x0000000090bc0120}: 'java.lang.Object java.lang.invoke.Invokers$Holder.invoke_MT(java.lang.Object, java.lang.Object, java.lang.Object, java.lang.Object, java.lang.Object, java.lang.Object, java.lang.Object, java.lang.Object, java.lang.Object)'> (0x0000000090bc0120) 
thrown [s\src\hotspot\share\interpreter\linkResolver.cpp, line 773]
Event: 3.048 Thread 0x000001c9908316e0 Implicit null exception at 0x000001c99e1aaec4 to 0x000001c99e1ab30c
Event: 3.048 Thread 0x000001c9908316e0 Exception <a 'java/lang/NoSuchMethodError'{0x0000000090be4a70}: 'java.lang.reflect.Field[] java.lang.Class.getDeclaredFields(java.lang.Class)'> (0x0000000090be4a70) 
thrown [s\src\hotspot\share\interpreter\linkResolver.cpp, line 773]
Event: 3.065 Thread 0x000001c9908316e0 Exception <a 'java/lang/IncompatibleClassChangeError'{0x0000000090abe820}: Found class java.lang.Object, but interface was expected> (0x0000000090abe820) 
thrown [s\src\hotspot\share\interpreter\linkResolver.cpp, line 840]

ZGC Phase Switch (0 events):
No events

VM Operations (20 events):
Event: 1.536 Executing VM operation: G1CollectForAllocation (G1 Evacuation Pause)
Event: 1.552 Executing VM operation: G1CollectForAllocation (G1 Evacuation Pause) done
Event: 1.744 Executing VM operation: HandshakeAllThreads (Deoptimize)
Event: 1.744 Executing VM operation: HandshakeAllThreads (Deoptimize) done
Event: 1.961 Executing VM operation: HandshakeAllThreads (Deoptimize)
Event: 1.961 Executing VM operation: HandshakeAllThreads (Deoptimize) done
Event: 2.094 Executing VM operation: HandshakeAllThreads (Deoptimize)
Event: 2.094 Executing VM operation: HandshakeAllThreads (Deoptimize) done
Event: 2.251 Executing VM operation: HandshakeAllThreads (Deoptimize)
Event: 2.251 Executing VM operation: HandshakeAllThreads (Deoptimize) done
Event: 2.484 Executing VM operation: HandshakeAllThreads (Deoptimize)
Event: 2.484 Executing VM operation: HandshakeAllThreads (Deoptimize) done
Event: 2.516 Executing VM operation: ICBufferFull
Event: 2.517 Executing VM operation: ICBufferFull done
Event: 2.566 Executing VM operation: G1CollectForAllocation (G1 Evacuation Pause)
Event: 2.579 Executing VM operation: G1CollectForAllocation (G1 Evacuation Pause) done
Event: 3.021 Executing VM operation: HandshakeAllThreads (Deoptimize)
Event: 3.021 Executing VM operation: HandshakeAllThreads (Deoptimize) done
Event: 3.051 Executing VM operation: ICBufferFull
Event: 3.052 Executing VM operation: ICBufferFull done

Memory protections (0 events):
No events

Nmethod flushes (0 events):
No events

Events (15 events):
Event: 0.037 Thread 0x000001c9908316e0 Thread added: 0x000001c9908316e0
Event: 0.058 Thread 0x000001c9908316e0 Thread added: 0x000001c9aabd7f60
Event: 0.059 Thread 0x000001c9908316e0 Thread added: 0x000001c9aabd96d0
Event: 0.059 Thread 0x000001c9908316e0 Thread added: 0x000001c9aabe2200
Event: 0.059 Thread 0x000001c9908316e0 Thread added: 0x000001c9aabe76c0
Event: 0.060 Thread 0x000001c9908316e0 Thread added: 0x000001c9aabf0f70
Event: 0.060 Thread 0x000001c9908316e0 Thread added: 0x000001c9aabf7af0
Event: 0.060 Thread 0x000001c9908316e0 Thread added: 0x000001c9aabe6aa0
Event: 0.060 Thread 0x000001c9908316e0 Thread added: 0x000001c9f00304a0
Event: 0.086 Thread 0x000001c9908316e0 Thread added: 0x000001c9aabf8180
Event: 0.088 Thread 0x000001c9908316e0 Thread added: 0x000001c9aabf6dd0
Event: 0.900 Thread 0x000001c9908316e0 Thread added: 0x000001c9aabf8810
Event: 0.918 Thread 0x000001c9908316e0 Thread added: 0x000001c9aabf8ea0
Event: 1.185 Thread 0x000001c9f00304a0 Thread added: 0x000001c9f08435d0
Event: 3.037 Thread 0x000001c9908316e0 Thread added: 0x000001c9aabf60b0


Dynamic libraries:
0x00007ff6b15e0000 - 0x00007ff6b15ee000 	C:\Users\91750\.p2\pool\plugins\org.eclipse.justj.openjdk.hotspot.jre.full.win32.x86_64_21.0.7.v20250502-0916\jre\bin\java.exe
0x00007ffc17fe0000 - 0x00007ffc18248000 	C:\WINDOWS\SYSTEM32\ntdll.dll
0x00007ffc17540000 - 0x00007ffc17609000 	C:\WINDOWS\System32\KERNEL32.DLL
0x00007ffc157e0000 - 0x00007ffc15bcd000 	C:\WINDOWS\System32\KERNELBASE.dll
0x00000000533d0000 - 0x0000000053702000 	C:\Program Files\Norton Security\NortonData\22.23.5.106\Definitions\IPSDefs\20240517.064\IPSEng64.dll
0x00007ffc17610000 - 0x00007ffc176c4000 	C:\WINDOWS\System32\ADVAPI32.dll
0x00007ffc16830000 - 0x00007ffc168d9000 	C:\WINDOWS\System32\msvcrt.dll
0x00007ffc16700000 - 0x00007ffc167a6000 	C:\WINDOWS\System32\sechost.dll
0x00007ffc169e0000 - 0x00007ffc16af8000 	C:\WINDOWS\System32\RPCRT4.dll
0x00007ffc17af0000 - 0x00007ffc17af8000 	C:\WINDOWS\System32\PSAPI.DLL
0x00007ffc15690000 - 0x00007ffc157db000 	C:\WINDOWS\System32\ucrtbase.dll
0x00007ffbefbb0000 - 0x00007ffbefbc8000 	C:\Users\91750\.p2\pool\plugins\org.eclipse.justj.openjdk.hotspot.jre.full.win32.x86_64_21.0.7.v20250502-0916\jre\bin\jli.dll
0x00007ffbde760000 - 0x00007ffbde77e000 	C:\Users\91750\.p2\pool\plugins\org.eclipse.justj.openjdk.hotspot.jre.full.win32.x86_64_21.0.7.v20250502-0916\jre\bin\VCRUNTIME140.dll
0x00007ffc17890000 - 0x00007ffc17a5c000 	C:\WINDOWS\System32\USER32.dll
0x00007ffc15d50000 - 0x00007ffc15d77000 	C:\WINDOWS\System32\win32u.dll
0x00007ffc05470000 - 0x00007ffc0570a000 	C:\WINDOWS\WinSxS\amd64_microsoft.windows.common-controls_6595b64144ccf1df_6.0.26100.4484_none_3e0e6d4ce32ef3b3\COMCTL32.dll
0x00007ffc17050000 - 0x00007ffc1707b000 	C:\WINDOWS\System32\GDI32.dll
0x00007ffc152a0000 - 0x00007ffc153d7000 	C:\WINDOWS\System32\gdi32full.dll
0x00007ffc151f0000 - 0x00007ffc15293000 	C:\WINDOWS\System32\msvcp_win.dll
0x00007ffc17ab0000 - 0x00007ffc17adf000 	C:\WINDOWS\System32\IMM32.DLL
0x00007ffbdf710000 - 0x00007ffbdf71c000 	C:\Users\91750\.p2\pool\plugins\org.eclipse.justj.openjdk.hotspot.jre.full.win32.x86_64_21.0.7.v20250502-0916\jre\bin\vcruntime140_1.dll
0x00007ffbd8ee0000 - 0x00007ffbd8f6d000 	C:\Users\91750\.p2\pool\plugins\org.eclipse.justj.openjdk.hotspot.jre.full.win32.x86_64_21.0.7.v20250502-0916\jre\bin\msvcp140.dll
0x00007ffb84d90000 - 0x00007ffb85b20000 	C:\Users\91750\.p2\pool\plugins\org.eclipse.justj.openjdk.hotspot.jre.full.win32.x86_64_21.0.7.v20250502-0916\jre\bin\server\jvm.dll
0x00007ffc17b00000 - 0x00007ffc17b74000 	C:\WINDOWS\System32\WS2_32.dll
0x00007ffc14de0000 - 0x00007ffc14e3e000 	C:\WINDOWS\SYSTEM32\POWRPROF.dll
0x00007ffc0d3e0000 - 0x00007ffc0d415000 	C:\WINDOWS\SYSTEM32\WINMM.dll
0x00007ffc0d420000 - 0x00007ffc0d42b000 	C:\WINDOWS\SYSTEM32\VERSION.dll
0x00007ffc14d00000 - 0x00007ffc14d14000 	C:\WINDOWS\SYSTEM32\UMPDC.dll
0x00007ffc13ee0000 - 0x00007ffc13efb000 	C:\WINDOWS\SYSTEM32\kernel.appcore.dll
0x00007ffc120c0000 - 0x00007ffc120ca000 	C:\Users\91750\.p2\pool\plugins\org.eclipse.justj.openjdk.hotspot.jre.full.win32.x86_64_21.0.7.v20250502-0916\jre\bin\jimage.dll
0x00007ffc09390000 - 0x00007ffc095d1000 	C:\WINDOWS\SYSTEM32\DBGHELP.DLL
0x00007ffc17b80000 - 0x00007ffc17f06000 	C:\WINDOWS\System32\combase.dll
0x00007ffc17440000 - 0x00007ffc17520000 	C:\WINDOWS\System32\OLEAUT32.dll
0x00007ffc04af0000 - 0x00007ffc04b33000 	C:\WINDOWS\SYSTEM32\dbgcore.DLL
0x00007ffc155f0000 - 0x00007ffc15689000 	C:\WINDOWS\System32\bcryptPrimitives.dll
0x00007ffbefbd0000 - 0x00007ffbefbef000 	C:\Users\91750\.p2\pool\plugins\org.eclipse.justj.openjdk.hotspot.jre.full.win32.x86_64_21.0.7.v20250502-0916\jre\bin\java.dll
0x00007ffc15fb0000 - 0x00007ffc166fa000 	C:\WINDOWS\System32\SHELL32.dll
0x00007ffc15470000 - 0x00007ffc155e4000 	C:\WINDOWS\System32\wintypes.dll
0x00007ffc12d60000 - 0x00007ffc135bb000 	C:\WINDOWS\SYSTEM32\windows.storage.dll
0x00007ffc15d80000 - 0x00007ffc15e75000 	C:\WINDOWS\System32\SHCORE.dll
0x00007ffc16b00000 - 0x00007ffc16b6a000 	C:\WINDOWS\System32\shlwapi.dll
0x00007ffc15040000 - 0x00007ffc1506f000 	C:\WINDOWS\SYSTEM32\profapi.dll
0x00007ffc0acb0000 - 0x00007ffc0acc0000 	C:\Users\91750\.p2\pool\plugins\org.eclipse.justj.openjdk.hotspot.jre.full.win32.x86_64_21.0.7.v20250502-0916\jre\bin\net.dll
0x00007ffc0e3d0000 - 0x00007ffc0e4ee000 	C:\WINDOWS\SYSTEM32\WINHTTP.dll
0x00007ffc14460000 - 0x00007ffc144ca000 	C:\WINDOWS\system32\mswsock.dll
0x00007ffbeda40000 - 0x00007ffbeda56000 	C:\Users\91750\.p2\pool\plugins\org.eclipse.justj.openjdk.hotspot.jre.full.win32.x86_64_21.0.7.v20250502-0916\jre\bin\nio.dll
0x00007ffbefa80000 - 0x00007ffbefa98000 	C:\Users\91750\.p2\pool\plugins\org.eclipse.justj.openjdk.hotspot.jre.full.win32.x86_64_21.0.7.v20250502-0916\jre\bin\zip.dll
0x00007ffbf6d10000 - 0x00007ffbf6d1a000 	C:\Users\91750\.p2\pool\plugins\org.eclipse.justj.openjdk.hotspot.jre.full.win32.x86_64_21.0.7.v20250502-0916\jre\bin\management.dll
0x00007ffbefa70000 - 0x00007ffbefa7b000 	C:\Users\91750\.p2\pool\plugins\org.eclipse.justj.openjdk.hotspot.jre.full.win32.x86_64_21.0.7.v20250502-0916\jre\bin\management_ext.dll

dbghelp: loaded successfully - version: 4.0.5 - missing functions: none
symbol engine: initialized successfully - sym options: 0x614 - pdb path: .;C:\Users\91750\.p2\pool\plugins\org.eclipse.justj.openjdk.hotspot.jre.full.win32.x86_64_21.0.7.v20250502-0916\jre\bin;C:\WINDOWS\SYSTEM32;C:\Program Files\Norton Security\NortonData\22.23.5.106\Definitions\IPSDefs\20240517.064;C:\WINDOWS\WinSxS\amd64_microsoft.windows.common-controls_6595b64144ccf1df_6.0.26100.4484_none_3e0e6d4ce32ef3b3;C:\Users\91750\.p2\pool\plugins\org.eclipse.justj.openjdk.hotspot.jre.full.win32.x86_64_21.0.7.v20250502-0916\jre\bin\server

VM Arguments:
java_command: C:\Users\91750\AppData\Local\Temp\surefire14849395921739446805\surefirebooter-20250702002408781_3.jar C:\Users\91750\AppData\Local\Temp\surefire14849395921739446805 2025-07-02T00-24-08_386-jvmRun1 surefire-20250702002408781_1tmp surefire_0-20250702002408781_2tmp
java_class_path (initial): C:\Users\91750\AppData\Local\Temp\surefire14849395921739446805\surefirebooter-20250702002408781_3.jar
Launcher Type: SUN_STANDARD

[Global flags]
     intx CICompilerCount                          = 4                                         {product} {ergonomic}
     uint ConcGCThreads                            = 3                                         {product} {ergonomic}
     uint G1ConcRefinementThreads                  = 10                                        {product} {ergonomic}
   size_t G1HeapRegionSize                         = 1048576                                   {product} {ergonomic}
    uintx GCDrainStackTargetSize                   = 64                                        {product} {ergonomic}
   size_t InitialHeapSize                          = 125829120                                 {product} {ergonomic}
   size_t MarkStackSize                            = 4194304                                   {product} {ergonomic}
   size_t MaxHeapSize                              = 1981808640                                {product} {ergonomic}
   size_t MaxNewSize                               = 1189085184                                {product} {ergonomic}
   size_t MinHeapDeltaBytes                        = 1048576                                   {product} {ergonomic}
   size_t MinHeapSize                              = 8388608                                   {product} {ergonomic}
    uintx NonNMethodCodeHeapSize                   = 5839372                                {pd product} {ergonomic}
    uintx NonProfiledCodeHeapSize                  = 122909434                              {pd product} {ergonomic}
    uintx ProfiledCodeHeapSize                     = 122909434                              {pd product} {ergonomic}
    uintx ReservedCodeCacheSize                    = 251658240                              {pd product} {ergonomic}
     bool SegmentedCodeCache                       = true                                      {product} {ergonomic}
   size_t SoftMaxHeapSize                          = 1981808640                             {manageable} {ergonomic}
     bool UseCompressedOops                        = true                           {product lp64_product} {ergonomic}
     bool UseG1GC                                  = true                                      {product} {ergonomic}
     bool UseLargePagesIndividualAllocation        = false                                  {pd product} {ergonomic}

Logging:
Log output configuration:
 #0: stdout all=warning uptime,level,tags foldmultilines=false
 #1: stderr all=off uptime,level,tags foldmultilines=false

Environment Variables:
PATH=C:/Users/91750/.p2/pool/plugins/org.eclipse.justj.openjdk.hotspot.jre.full.win32.x86_64_21.0.7.v20250502-0916/jre/bin/server;C:/Users/91750/.p2/pool/plugins/org.eclipse.justj.openjdk.hotspot.jre.full.win32.x86_64_21.0.7.v20250502-0916/jre/bin;C:\Program Files\Common Files\Oracle\Java\javapath;C:\WINDOWS\system32;C:\WINDOWS;C:\WINDOWS\System32\Wbem;C:\WINDOWS\System32\WindowsPowerShell\v1.0\;C:\WINDOWS\System32\OpenSSH\;C:\Program Files\Java\jdk-21\bin;C:\msys64\mingw64\bin;D:\mongodb\mongosh-2.2.2-win32-x64\mongosh-2.2.2-win32-x64\bin;C:\Program Files\MongoDB\Server\7.0\bin;C:\Program Files\Git\cmd;C:\Program Files\Git\usr\bin;C:\Program Files\PuTTY\;C:\Program Files\Java\jdk-11\bin;C:\Program Files\Microsoft SQL Server\150\Tools\Binn\;C:\Program Files\nodejs\;C:\Program Files\Docker\Docker\resources\bin;C:\Program Files\MySQL\MySQL Shell 8.0\bin\;C:\Users\91750\AppData\Local\Microsoft\WindowsApps;C:\msys64\ucrt64\bin;C:\Users\91750\AppData\Local\Programs\Microsoft VS Code\bin;C:\Users\91750\AppData\Roaming\npm;C:\Users\91750\AppData\Local\GitHubDesktop\bin;C:\Users\91750\eclipse\java-2025-03\eclipse;
USERNAME=91750
TERM=xterm
OS=Windows_NT
PROCESSOR_IDENTIFIER=AMD64 Family 25 Model 80 Stepping 0, AuthenticAMD
TMP=C:\Users\91750\AppData\Local\Temp
TEMP=C:\Users\91750\AppData\Local\Temp




Periodic native trim disabled

---------------  S Y S T E M  ---------------

OS:
 Windows 11 , 64 bit Build 26100 (10.0.26100.4484)
OS uptime: 0 days 0:29 hours
Hyper-V role detected

CPU: total 12 (initial active 12) (12 cores per cpu, 2 threads per core) family 25 model 80 stepping 0 microcode 0xa50000d, cx8, cmov, fxsr, ht, mmx, 3dnowpref, sse, sse2, sse3, ssse3, sse4a, sse4.1, sse4.2, popcnt, lzcnt, tsc, tscinvbit, avx, avx2, aes, erms, clmul, bmi1, bmi2, adx, sha, fma, vzeroupper, clflush, clflushopt, hv, rdtscp, rdpid, fsrm, f16c, cet_ss
Processor Information for processor 0
  Max Mhz: 2000, Current Mhz: 1890, Mhz Limit: 2000
Processor Information for processor 1
  Max Mhz: 2000, Current Mhz: 1808, Mhz Limit: 2000
Processor Information for processor 2
  Max Mhz: 2000, Current Mhz: 1808, Mhz Limit: 2000
Processor Information for processor 3
  Max Mhz: 2000, Current Mhz: 1890, Mhz Limit: 2000
Processor Information for processor 4
  Max Mhz: 2000, Current Mhz: 1808, Mhz Limit: 2000
Processor Information for processor 5
  Max Mhz: 2000, Current Mhz: 1808, Mhz Limit: 2000
Processor Information for processor 6
  Max Mhz: 2000, Current Mhz: 1890, Mhz Limit: 2000
Processor Information for processor 7
  Max Mhz: 2000, Current Mhz: 1808, Mhz Limit: 2000
Processor Information for processor 8
  Max Mhz: 2000, Current Mhz: 1890, Mhz Limit: 2000
Processor Information for processor 9
  Max Mhz: 2000, Current Mhz: 1808, Mhz Limit: 2000
Processor Information for processor 10
  Max Mhz: 2000, Current Mhz: 1890, Mhz Limit: 2000
Processor Information for processor 11
  Max Mhz: 2000, Current Mhz: 1808, Mhz Limit: 2000

Memory: 4k page, system-wide physical 7559M (528M free)
TotalPageFile size 11655M (AvailPageFile size 6M)
current process WorkingSet (physical memory assigned to process): 141M, peak: 141M
current process commit charge ("private bytes"): 266M, peak: 266M

vm_info: OpenJDK 64-Bit Server VM (21.0.7+6-LTS) for windows-amd64 JRE (21.0.7+6-LTS), built on 2025-04-15T00:00:00Z by "admin" with MS VC++ 17.7 (VS2022)

END.
